{"D:\\Projects\\An AI-Powered Healthcare Management System for Medication Adherence\\MedAssistProject\\medassistai\\server\\src\\app.js": {"path":"D:\\Projects\\An AI-Powered Healthcare Management System for Medication Adherence\\MedAssistProject\\medassistai\\server\\src\\app.js","statementMap":{"0":{"start":{"line":1,"column":17},"end":{"line":1,"column":35}},"1":{"start":{"line":2,"column":13},"end":{"line":2,"column":28}},"2":{"start":{"line":3,"column":15},"end":{"line":3,"column":32}},"3":{"start":{"line":4,"column":18},"end":{"line":4,"column":47}},"4":{"start":{"line":5,"column":20},"end":{"line":5,"column":42}},"5":{"start":{"line":6,"column":15},"end":{"line":6,"column":32}},"6":{"start":{"line":9,"column":19},"end":{"line":9,"column":50}},"7":{"start":{"line":10,"column":19},"end":{"line":10,"column":50}},"8":{"start":{"line":11,"column":25},"end":{"line":11,"column":62}},"9":{"start":{"line":12,"column":23},"end":{"line":12,"column":58}},"10":{"start":{"line":13,"column":17},"end":{"line":13,"column":46}},"11":{"start":{"line":14,"column":21},"end":{"line":14,"column":54}},"12":{"start":{"line":16,"column":17},"end":{"line":16,"column":60}},"13":{"start":{"line":17,"column":25},"end":{"line":17,"column":65}},"14":{"start":{"line":19,"column":12},"end":{"line":19,"column":21}},"15":{"start":{"line":22,"column":0},"end":{"line":22,"column":18}},"16":{"start":{"line":23,"column":0},"end":{"line":26,"column":4}},"17":{"start":{"line":27,"column":0},"end":{"line":27,"column":23}},"18":{"start":{"line":28,"column":0},"end":{"line":28,"column":24}},"19":{"start":{"line":29,"column":0},"end":{"line":29,"column":48}},"20":{"start":{"line":30,"column":0},"end":{"line":30,"column":23}},"21":{"start":{"line":33,"column":16},"end":{"line":37,"column":2}},"22":{"start":{"line":38,"column":0},"end":{"line":38,"column":25}},"23":{"start":{"line":41,"column":0},"end":{"line":41,"column":33}},"24":{"start":{"line":42,"column":0},"end":{"line":42,"column":34}},"25":{"start":{"line":43,"column":0},"end":{"line":43,"column":46}},"26":{"start":{"line":44,"column":0},"end":{"line":44,"column":42}},"27":{"start":{"line":45,"column":0},"end":{"line":45,"column":29}},"28":{"start":{"line":46,"column":0},"end":{"line":46,"column":37}},"29":{"start":{"line":49,"column":0},"end":{"line":55,"column":3}},"30":{"start":{"line":50,"column":4},"end":{"line":54,"column":7}},"31":{"start":{"line":58,"column":0},"end":{"line":58,"column":18}},"32":{"start":{"line":59,"column":0},"end":{"line":59,"column":22}},"33":{"start":{"line":61,"column":0},"end":{"line":61,"column":21}}},"fnMap":{"0":{"name":"(anonymous_0)","decl":{"start":{"line":49,"column":13},"end":{"line":49,"column":14}},"loc":{"start":{"line":49,"column":27},"end":{"line":55,"column":1}},"line":49}},"branchMap":{},"s":{"0":1,"1":1,"2":1,"3":1,"4":1,"5":1,"6":1,"7":1,"8":1,"9":1,"10":1,"11":1,"12":1,"13":1,"14":1,"15":1,"16":1,"17":1,"18":1,"19":1,"20":1,"21":1,"22":1,"23":1,"24":1,"25":1,"26":1,"27":1,"28":1,"29":1,"30":0,"31":1,"32":1,"33":1},"f":{"0":0},"b":{},"_coverageSchema":"1a1c01bbd47fc00a2c39e90264f33305004495a9","hash":"f742020ae31c229dc43fc4b5fb2af323226486bb"}
,"D:\\Projects\\An AI-Powered Healthcare Management System for Medication Adherence\\MedAssistProject\\medassistai\\server\\src\\controllers\\auth.controller.js": {"path":"D:\\Projects\\An AI-Powered Healthcare Management System for Medication Adherence\\MedAssistProject\\medassistai\\server\\src\\controllers\\auth.controller.js","statementMap":{"0":{"start":{"line":1,"column":14},"end":{"line":1,"column":39}},"1":{"start":{"line":2,"column":12},"end":{"line":2,"column":35}},"2":{"start":{"line":3,"column":29},"end":{"line":3,"column":57}},"3":{"start":{"line":4,"column":20},"end":{"line":4,"column":54}},"4":{"start":{"line":5,"column":26},"end":{"line":5,"column":59}},"5":{"start":{"line":6,"column":15},"end":{"line":6,"column":32}},"6":{"start":{"line":9,"column":17},"end":{"line":9,"column":26}},"7":{"start":{"line":14,"column":0},"end":{"line":59,"column":2}},"8":{"start":{"line":15,"column":4},"end":{"line":58,"column":5}},"9":{"start":{"line":17,"column":23},"end":{"line":17,"column":44}},"10":{"start":{"line":18,"column":8},"end":{"line":23,"column":9}},"11":{"start":{"line":19,"column":12},"end":{"line":22,"column":15}},"12":{"start":{"line":25,"column":95},"end":{"line":25,"column":103}},"13":{"start":{"line":28,"column":29},"end":{"line":28,"column":64}},"14":{"start":{"line":29,"column":8},"end":{"line":34,"column":9}},"15":{"start":{"line":30,"column":12},"end":{"line":33,"column":15}},"16":{"start":{"line":37,"column":21},"end":{"line":46,"column":10}},"17":{"start":{"line":49,"column":22},"end":{"line":49,"column":45}},"18":{"start":{"line":51,"column":8},"end":{"line":55,"column":11}},"19":{"start":{"line":57,"column":8},"end":{"line":57,"column":20}},"20":{"start":{"line":64,"column":0},"end":{"line":127,"column":2}},"21":{"start":{"line":65,"column":4},"end":{"line":126,"column":5}},"22":{"start":{"line":66,"column":23},"end":{"line":66,"column":44}},"23":{"start":{"line":67,"column":8},"end":{"line":72,"column":9}},"24":{"start":{"line":68,"column":12},"end":{"line":71,"column":15}},"25":{"start":{"line":74,"column":37},"end":{"line":74,"column":45}},"26":{"start":{"line":77,"column":21},"end":{"line":77,"column":71}},"27":{"start":{"line":80,"column":8},"end":{"line":87,"column":9}},"28":{"start":{"line":81,"column":12},"end":{"line":86,"column":15}},"29":{"start":{"line":89,"column":8},"end":{"line":94,"column":9}},"30":{"start":{"line":90,"column":12},"end":{"line":93,"column":15}},"31":{"start":{"line":97,"column":8},"end":{"line":102,"column":9}},"32":{"start":{"line":98,"column":12},"end":{"line":101,"column":15}},"33":{"start":{"line":105,"column":24},"end":{"line":105,"column":50}},"34":{"start":{"line":106,"column":8},"end":{"line":111,"column":9}},"35":{"start":{"line":107,"column":12},"end":{"line":110,"column":15}},"36":{"start":{"line":114,"column":8},"end":{"line":114,"column":38}},"37":{"start":{"line":117,"column":22},"end":{"line":117,"column":45}},"38":{"start":{"line":119,"column":8},"end":{"line":123,"column":11}},"39":{"start":{"line":125,"column":8},"end":{"line":125,"column":20}},"40":{"start":{"line":132,"column":0},"end":{"line":164,"column":2}},"41":{"start":{"line":133,"column":4},"end":{"line":163,"column":5}},"42":{"start":{"line":134,"column":32},"end":{"line":134,"column":40}},"43":{"start":{"line":137,"column":20},"end":{"line":137,"column":63}},"44":{"start":{"line":140,"column":8},"end":{"line":144,"column":11}},"45":{"start":{"line":147,"column":8},"end":{"line":149,"column":26}},"46":{"start":{"line":148,"column":12},"end":{"line":148,"column":41}},"47":{"start":{"line":152,"column":8},"end":{"line":155,"column":10}},"48":{"start":{"line":157,"column":8},"end":{"line":160,"column":11}},"49":{"start":{"line":162,"column":8},"end":{"line":162,"column":20}},"50":{"start":{"line":169,"column":0},"end":{"line":219,"column":2}},"51":{"start":{"line":170,"column":4},"end":{"line":218,"column":5}},"52":{"start":{"line":171,"column":37},"end":{"line":171,"column":45}},"53":{"start":{"line":173,"column":27},"end":{"line":173,"column":52}},"54":{"start":{"line":175,"column":8},"end":{"line":180,"column":9}},"55":{"start":{"line":176,"column":12},"end":{"line":179,"column":15}},"56":{"start":{"line":183,"column":8},"end":{"line":189,"column":9}},"57":{"start":{"line":184,"column":12},"end":{"line":184,"column":41}},"58":{"start":{"line":185,"column":12},"end":{"line":188,"column":15}},"59":{"start":{"line":192,"column":8},"end":{"line":198,"column":9}},"60":{"start":{"line":193,"column":12},"end":{"line":193,"column":41}},"61":{"start":{"line":194,"column":12},"end":{"line":197,"column":15}},"62":{"start":{"line":201,"column":8},"end":{"line":207,"column":9}},"63":{"start":{"line":202,"column":12},"end":{"line":202,"column":37}},"64":{"start":{"line":203,"column":12},"end":{"line":206,"column":15}},"65":{"start":{"line":210,"column":8},"end":{"line":210,"column":37}},"66":{"start":{"line":212,"column":8},"end":{"line":215,"column":11}},"67":{"start":{"line":217,"column":8},"end":{"line":217,"column":20}},"68":{"start":{"line":224,"column":0},"end":{"line":242,"column":2}},"69":{"start":{"line":225,"column":4},"end":{"line":241,"column":5}},"70":{"start":{"line":226,"column":21},"end":{"line":226,"column":52}},"71":{"start":{"line":228,"column":8},"end":{"line":233,"column":9}},"72":{"start":{"line":229,"column":12},"end":{"line":232,"column":15}},"73":{"start":{"line":235,"column":8},"end":{"line":238,"column":11}},"74":{"start":{"line":240,"column":8},"end":{"line":240,"column":20}},"75":{"start":{"line":247,"column":0},"end":{"line":257,"column":2}},"76":{"start":{"line":248,"column":4},"end":{"line":256,"column":5}},"77":{"start":{"line":250,"column":8},"end":{"line":253,"column":11}},"78":{"start":{"line":255,"column":8},"end":{"line":255,"column":20}},"79":{"start":{"line":262,"column":0},"end":{"line":295,"column":2}},"80":{"start":{"line":263,"column":4},"end":{"line":294,"column":5}},"81":{"start":{"line":264,"column":39},"end":{"line":264,"column":47}},"82":{"start":{"line":266,"column":21},"end":{"line":266,"column":67}},"83":{"start":{"line":268,"column":8},"end":{"line":273,"column":9}},"84":{"start":{"line":269,"column":12},"end":{"line":272,"column":15}},"85":{"start":{"line":276,"column":24},"end":{"line":276,"column":57}},"86":{"start":{"line":277,"column":8},"end":{"line":282,"column":9}},"87":{"start":{"line":278,"column":12},"end":{"line":281,"column":15}},"88":{"start":{"line":285,"column":8},"end":{"line":285,"column":26}},"89":{"start":{"line":286,"column":8},"end":{"line":286,"column":26}},"90":{"start":{"line":288,"column":8},"end":{"line":291,"column":11}},"91":{"start":{"line":293,"column":8},"end":{"line":293,"column":20}}},"fnMap":{"0":{"name":"(anonymous_0)","decl":{"start":{"line":14,"column":19},"end":{"line":14,"column":20}},"loc":{"start":{"line":14,"column":45},"end":{"line":59,"column":1}},"line":14},"1":{"name":"(anonymous_1)","decl":{"start":{"line":64,"column":16},"end":{"line":64,"column":17}},"loc":{"start":{"line":64,"column":42},"end":{"line":127,"column":1}},"line":64},"2":{"name":"(anonymous_2)","decl":{"start":{"line":132,"column":18},"end":{"line":132,"column":19}},"loc":{"start":{"line":132,"column":44},"end":{"line":164,"column":1}},"line":132},"3":{"name":"(anonymous_3)","decl":{"start":{"line":147,"column":19},"end":{"line":147,"column":20}},"loc":{"start":{"line":147,"column":25},"end":{"line":149,"column":9}},"line":147},"4":{"name":"(anonymous_4)","decl":{"start":{"line":169,"column":20},"end":{"line":169,"column":21}},"loc":{"start":{"line":169,"column":46},"end":{"line":219,"column":1}},"line":169},"5":{"name":"(anonymous_5)","decl":{"start":{"line":224,"column":16},"end":{"line":224,"column":17}},"loc":{"start":{"line":224,"column":42},"end":{"line":242,"column":1}},"line":224},"6":{"name":"(anonymous_6)","decl":{"start":{"line":247,"column":17},"end":{"line":247,"column":18}},"loc":{"start":{"line":247,"column":43},"end":{"line":257,"column":1}},"line":247},"7":{"name":"(anonymous_7)","decl":{"start":{"line":262,"column":20},"end":{"line":262,"column":21}},"loc":{"start":{"line":262,"column":46},"end":{"line":295,"column":1}},"line":262}},"branchMap":{"0":{"loc":{"start":{"line":18,"column":8},"end":{"line":23,"column":9}},"type":"if","locations":[{"start":{"line":18,"column":8},"end":{"line":23,"column":9}},{"start":{},"end":{}}],"line":18},"1":{"loc":{"start":{"line":29,"column":8},"end":{"line":34,"column":9}},"type":"if","locations":[{"start":{"line":29,"column":8},"end":{"line":34,"column":9}},{"start":{},"end":{}}],"line":29},"2":{"loc":{"start":{"line":40,"column":24},"end":{"line":40,"column":40}},"type":"binary-expr","locations":[{"start":{"line":40,"column":24},"end":{"line":40,"column":34}},{"start":{"line":40,"column":38},"end":{"line":40,"column":40}}],"line":40},"3":{"loc":{"start":{"line":42,"column":22},"end":{"line":42,"column":38}},"type":"binary-expr","locations":[{"start":{"line":42,"column":22},"end":{"line":42,"column":30}},{"start":{"line":42,"column":34},"end":{"line":42,"column":38}}],"line":42},"4":{"loc":{"start":{"line":45,"column":28},"end":{"line":45,"column":59}},"type":"cond-expr","locations":[{"start":{"line":45,"column":42},"end":{"line":45,"column":52}},{"start":{"line":45,"column":55},"end":{"line":45,"column":59}}],"line":45},"5":{"loc":{"start":{"line":67,"column":8},"end":{"line":72,"column":9}},"type":"if","locations":[{"start":{"line":67,"column":8},"end":{"line":72,"column":9}},{"start":{},"end":{}}],"line":67},"6":{"loc":{"start":{"line":80,"column":8},"end":{"line":87,"column":9}},"type":"if","locations":[{"start":{"line":80,"column":8},"end":{"line":87,"column":9}},{"start":{},"end":{}}],"line":80},"7":{"loc":{"start":{"line":82,"column":29},"end":{"line":82,"column":59}},"type":"cond-expr","locations":[{"start":{"line":82,"column":36},"end":{"line":82,"column":52}},{"start":{"line":82,"column":55},"end":{"line":82,"column":59}}],"line":82},"8":{"loc":{"start":{"line":83,"column":26},"end":{"line":83,"column":53}},"type":"cond-expr","locations":[{"start":{"line":83,"column":33},"end":{"line":83,"column":46}},{"start":{"line":83,"column":49},"end":{"line":83,"column":53}}],"line":83},"9":{"loc":{"start":{"line":84,"column":30},"end":{"line":84,"column":64}},"type":"cond-expr","locations":[{"start":{"line":84,"column":37},"end":{"line":84,"column":57}},{"start":{"line":84,"column":60},"end":{"line":84,"column":64}}],"line":84},"10":{"loc":{"start":{"line":85,"column":29},"end":{"line":85,"column":64}},"type":"cond-expr","locations":[{"start":{"line":85,"column":37},"end":{"line":85,"column":55}},{"start":{"line":85,"column":59},"end":{"line":85,"column":64}}],"line":85},"11":{"loc":{"start":{"line":89,"column":8},"end":{"line":94,"column":9}},"type":"if","locations":[{"start":{"line":89,"column":8},"end":{"line":94,"column":9}},{"start":{},"end":{}}],"line":89},"12":{"loc":{"start":{"line":97,"column":8},"end":{"line":102,"column":9}},"type":"if","locations":[{"start":{"line":97,"column":8},"end":{"line":102,"column":9}},{"start":{},"end":{}}],"line":97},"13":{"loc":{"start":{"line":106,"column":8},"end":{"line":111,"column":9}},"type":"if","locations":[{"start":{"line":106,"column":8},"end":{"line":111,"column":9}},{"start":{},"end":{}}],"line":106},"14":{"loc":{"start":{"line":175,"column":8},"end":{"line":180,"column":9}},"type":"if","locations":[{"start":{"line":175,"column":8},"end":{"line":180,"column":9}},{"start":{},"end":{}}],"line":175},"15":{"loc":{"start":{"line":183,"column":8},"end":{"line":189,"column":9}},"type":"if","locations":[{"start":{"line":183,"column":8},"end":{"line":189,"column":9}},{"start":{},"end":{}}],"line":183},"16":{"loc":{"start":{"line":192,"column":8},"end":{"line":198,"column":9}},"type":"if","locations":[{"start":{"line":192,"column":8},"end":{"line":198,"column":9}},{"start":{},"end":{}}],"line":192},"17":{"loc":{"start":{"line":201,"column":8},"end":{"line":207,"column":9}},"type":"if","locations":[{"start":{"line":201,"column":8},"end":{"line":207,"column":9}},{"start":{},"end":{}}],"line":201},"18":{"loc":{"start":{"line":228,"column":8},"end":{"line":233,"column":9}},"type":"if","locations":[{"start":{"line":228,"column":8},"end":{"line":233,"column":9}},{"start":{},"end":{}}],"line":228},"19":{"loc":{"start":{"line":268,"column":8},"end":{"line":273,"column":9}},"type":"if","locations":[{"start":{"line":268,"column":8},"end":{"line":273,"column":9}},{"start":{},"end":{}}],"line":268},"20":{"loc":{"start":{"line":277,"column":8},"end":{"line":282,"column":9}},"type":"if","locations":[{"start":{"line":277,"column":8},"end":{"line":282,"column":9}},{"start":{},"end":{}}],"line":277}},"s":{"0":1,"1":1,"2":1,"3":1,"4":1,"5":1,"6":1,"7":1,"8":0,"9":0,"10":0,"11":0,"12":0,"13":0,"14":0,"15":0,"16":0,"17":0,"18":0,"19":0,"20":1,"21":2,"22":2,"23":2,"24":0,"25":2,"26":2,"27":2,"28":2,"29":2,"30":0,"31":2,"32":1,"33":1,"34":1,"35":0,"36":1,"37":1,"38":1,"39":0,"40":1,"41":0,"42":0,"43":0,"44":0,"45":0,"46":0,"47":0,"48":0,"49":0,"50":1,"51":0,"52":0,"53":0,"54":0,"55":0,"56":0,"57":0,"58":0,"59":0,"60":0,"61":0,"62":0,"63":0,"64":0,"65":0,"66":0,"67":0,"68":1,"69":0,"70":0,"71":0,"72":0,"73":0,"74":0,"75":1,"76":0,"77":0,"78":0,"79":1,"80":0,"81":0,"82":0,"83":0,"84":0,"85":0,"86":0,"87":0,"88":0,"89":0,"90":0,"91":0},"f":{"0":0,"1":2,"2":0,"3":0,"4":0,"5":0,"6":0,"7":0},"b":{"0":[0,0],"1":[0,0],"2":[0,0],"3":[0,0],"4":[0,0],"5":[0,2],"6":[2,0],"7":[2,0],"8":[2,0],"9":[2,0],"10":[2,0],"11":[0,2],"12":[1,1],"13":[0,1],"14":[0,0],"15":[0,0],"16":[0,0],"17":[0,0],"18":[0,0],"19":[0,0],"20":[0,0]},"_coverageSchema":"1a1c01bbd47fc00a2c39e90264f33305004495a9","hash":"77476fdb921d3eb8c438153515279900a8043599"}
,"D:\\Projects\\An AI-Powered Healthcare Management System for Medication Adherence\\MedAssistProject\\medassistai\\server\\src\\controllers\\medication.controller.js": {"path":"D:\\Projects\\An AI-Powered Healthcare Management System for Medication Adherence\\MedAssistProject\\medassistai\\server\\src\\controllers\\medication.controller.js","statementMap":{"0":{"start":{"line":1,"column":20},"end":{"line":1,"column":51}},"1":{"start":{"line":2,"column":17},"end":{"line":2,"column":46}},"2":{"start":{"line":3,"column":29},"end":{"line":3,"column":57}},"3":{"start":{"line":4,"column":37},"end":{"line":4,"column":76}},"4":{"start":{"line":5,"column":30},"end":{"line":5,"column":63}},"5":{"start":{"line":10,"column":0},"end":{"line":41,"column":2}},"6":{"start":{"line":11,"column":4},"end":{"line":40,"column":5}},"7":{"start":{"line":12,"column":46},"end":{"line":12,"column":55}},"8":{"start":{"line":15,"column":20},"end":{"line":15,"column":42}},"9":{"start":{"line":17,"column":8},"end":{"line":19,"column":9}},"10":{"start":{"line":18,"column":12},"end":{"line":18,"column":47}},"11":{"start":{"line":21,"column":8},"end":{"line":23,"column":9}},"12":{"start":{"line":22,"column":12},"end":{"line":22,"column":47}},"13":{"start":{"line":25,"column":8},"end":{"line":27,"column":9}},"14":{"start":{"line":26,"column":12},"end":{"line":26,"column":46}},"15":{"start":{"line":29,"column":28},"end":{"line":31,"column":19}},"16":{"start":{"line":33,"column":8},"end":{"line":37,"column":11}},"17":{"start":{"line":39,"column":8},"end":{"line":39,"column":20}},"18":{"start":{"line":46,"column":0},"end":{"line":77,"column":2}},"19":{"start":{"line":47,"column":4},"end":{"line":76,"column":5}},"20":{"start":{"line":48,"column":27},"end":{"line":51,"column":10}},"21":{"start":{"line":53,"column":8},"end":{"line":58,"column":9}},"22":{"start":{"line":54,"column":12},"end":{"line":57,"column":15}},"23":{"start":{"line":61,"column":30},"end":{"line":65,"column":9}},"24":{"start":{"line":67,"column":8},"end":{"line":73,"column":11}},"25":{"start":{"line":75,"column":8},"end":{"line":75,"column":20}},"26":{"start":{"line":82,"column":0},"end":{"line":131,"column":2}},"27":{"start":{"line":83,"column":4},"end":{"line":130,"column":5}},"28":{"start":{"line":84,"column":23},"end":{"line":84,"column":44}},"29":{"start":{"line":85,"column":8},"end":{"line":90,"column":9}},"30":{"start":{"line":86,"column":12},"end":{"line":89,"column":15}},"31":{"start":{"line":92,"column":31},"end":{"line":96,"column":9}},"32":{"start":{"line":99,"column":29},"end":{"line":102,"column":10}},"33":{"start":{"line":104,"column":8},"end":{"line":114,"column":9}},"34":{"start":{"line":105,"column":12},"end":{"line":113,"column":13}},"35":{"start":{"line":106,"column":37},"end":{"line":109,"column":17}},"36":{"start":{"line":108,"column":42},"end":{"line":108,"column":48}},"37":{"start":{"line":110,"column":16},"end":{"line":110,"column":59}},"38":{"start":{"line":112,"column":16},"end":{"line":112,"column":66}},"39":{"start":{"line":117,"column":27},"end":{"line":117,"column":66}},"40":{"start":{"line":120,"column":8},"end":{"line":122,"column":9}},"41":{"start":{"line":121,"column":12},"end":{"line":121,"column":55}},"42":{"start":{"line":124,"column":8},"end":{"line":127,"column":11}},"43":{"start":{"line":129,"column":8},"end":{"line":129,"column":20}},"44":{"start":{"line":136,"column":0},"end":{"line":173,"column":2}},"45":{"start":{"line":137,"column":4},"end":{"line":172,"column":5}},"46":{"start":{"line":138,"column":27},"end":{"line":141,"column":10}},"47":{"start":{"line":143,"column":8},"end":{"line":148,"column":9}},"48":{"start":{"line":144,"column":12},"end":{"line":147,"column":15}},"49":{"start":{"line":151,"column":8},"end":{"line":151,"column":44}},"50":{"start":{"line":152,"column":8},"end":{"line":152,"column":32}},"51":{"start":{"line":155,"column":8},"end":{"line":164,"column":9}},"52":{"start":{"line":156,"column":12},"end":{"line":159,"column":15}},"53":{"start":{"line":161,"column":12},"end":{"line":163,"column":13}},"54":{"start":{"line":162,"column":16},"end":{"line":162,"column":59}},"55":{"start":{"line":166,"column":8},"end":{"line":169,"column":11}},"56":{"start":{"line":171,"column":8},"end":{"line":171,"column":20}},"57":{"start":{"line":178,"column":0},"end":{"line":209,"column":2}},"58":{"start":{"line":179,"column":4},"end":{"line":208,"column":5}},"59":{"start":{"line":180,"column":27},"end":{"line":183,"column":10}},"60":{"start":{"line":185,"column":8},"end":{"line":190,"column":9}},"61":{"start":{"line":186,"column":12},"end":{"line":189,"column":15}},"62":{"start":{"line":193,"column":8},"end":{"line":193,"column":36}},"63":{"start":{"line":194,"column":8},"end":{"line":194,"column":32}},"64":{"start":{"line":197,"column":8},"end":{"line":200,"column":10}},"65":{"start":{"line":202,"column":8},"end":{"line":205,"column":11}},"66":{"start":{"line":207,"column":8},"end":{"line":207,"column":20}},"67":{"start":{"line":214,"column":0},"end":{"line":248,"column":2}},"68":{"start":{"line":215,"column":4},"end":{"line":247,"column":5}},"69":{"start":{"line":216,"column":22},"end":{"line":234,"column":10}},"70":{"start":{"line":236,"column":31},"end":{"line":236,"column":79}},"71":{"start":{"line":238,"column":8},"end":{"line":244,"column":11}},"72":{"start":{"line":246,"column":8},"end":{"line":246,"column":20}}},"fnMap":{"0":{"name":"(anonymous_0)","decl":{"start":{"line":10,"column":25},"end":{"line":10,"column":26}},"loc":{"start":{"line":10,"column":51},"end":{"line":41,"column":1}},"line":10},"1":{"name":"(anonymous_1)","decl":{"start":{"line":46,"column":24},"end":{"line":46,"column":25}},"loc":{"start":{"line":46,"column":50},"end":{"line":77,"column":1}},"line":46},"2":{"name":"(anonymous_2)","decl":{"start":{"line":82,"column":27},"end":{"line":82,"column":28}},"loc":{"start":{"line":82,"column":53},"end":{"line":131,"column":1}},"line":82},"3":{"name":"(anonymous_3)","decl":{"start":{"line":108,"column":37},"end":{"line":108,"column":38}},"loc":{"start":{"line":108,"column":42},"end":{"line":108,"column":48}},"line":108},"4":{"name":"(anonymous_4)","decl":{"start":{"line":136,"column":27},"end":{"line":136,"column":28}},"loc":{"start":{"line":136,"column":53},"end":{"line":173,"column":1}},"line":136},"5":{"name":"(anonymous_5)","decl":{"start":{"line":178,"column":27},"end":{"line":178,"column":28}},"loc":{"start":{"line":178,"column":53},"end":{"line":209,"column":1}},"line":178},"6":{"name":"(anonymous_6)","decl":{"start":{"line":214,"column":29},"end":{"line":214,"column":30}},"loc":{"start":{"line":214,"column":55},"end":{"line":248,"column":1}},"line":214}},"branchMap":{"0":{"loc":{"start":{"line":17,"column":8},"end":{"line":19,"column":9}},"type":"if","locations":[{"start":{"line":17,"column":8},"end":{"line":19,"column":9}},{"start":{},"end":{}}],"line":17},"1":{"loc":{"start":{"line":21,"column":8},"end":{"line":23,"column":9}},"type":"if","locations":[{"start":{"line":21,"column":8},"end":{"line":23,"column":9}},{"start":{},"end":{}}],"line":21},"2":{"loc":{"start":{"line":25,"column":8},"end":{"line":27,"column":9}},"type":"if","locations":[{"start":{"line":25,"column":8},"end":{"line":27,"column":9}},{"start":{},"end":{}}],"line":25},"3":{"loc":{"start":{"line":53,"column":8},"end":{"line":58,"column":9}},"type":"if","locations":[{"start":{"line":53,"column":8},"end":{"line":58,"column":9}},{"start":{},"end":{}}],"line":53},"4":{"loc":{"start":{"line":85,"column":8},"end":{"line":90,"column":9}},"type":"if","locations":[{"start":{"line":85,"column":8},"end":{"line":90,"column":9}},{"start":{},"end":{}}],"line":85},"5":{"loc":{"start":{"line":104,"column":8},"end":{"line":114,"column":9}},"type":"if","locations":[{"start":{"line":104,"column":8},"end":{"line":114,"column":9}},{"start":{},"end":{}}],"line":104},"6":{"loc":{"start":{"line":104,"column":12},"end":{"line":104,"column":58}},"type":"binary-expr","locations":[{"start":{"line":104,"column":12},"end":{"line":104,"column":35}},{"start":{"line":104,"column":39},"end":{"line":104,"column":58}}],"line":104},"7":{"loc":{"start":{"line":120,"column":8},"end":{"line":122,"column":9}},"type":"if","locations":[{"start":{"line":120,"column":8},"end":{"line":122,"column":9}},{"start":{},"end":{}}],"line":120},"8":{"loc":{"start":{"line":143,"column":8},"end":{"line":148,"column":9}},"type":"if","locations":[{"start":{"line":143,"column":8},"end":{"line":148,"column":9}},{"start":{},"end":{}}],"line":143},"9":{"loc":{"start":{"line":155,"column":8},"end":{"line":164,"column":9}},"type":"if","locations":[{"start":{"line":155,"column":8},"end":{"line":164,"column":9}},{"start":{},"end":{}}],"line":155},"10":{"loc":{"start":{"line":155,"column":12},"end":{"line":155,"column":69}},"type":"binary-expr","locations":[{"start":{"line":155,"column":12},"end":{"line":155,"column":30}},{"start":{"line":155,"column":34},"end":{"line":155,"column":48}},{"start":{"line":155,"column":52},"end":{"line":155,"column":69}}],"line":155},"11":{"loc":{"start":{"line":161,"column":12},"end":{"line":163,"column":13}},"type":"if","locations":[{"start":{"line":161,"column":12},"end":{"line":163,"column":13}},{"start":{},"end":{}}],"line":161},"12":{"loc":{"start":{"line":185,"column":8},"end":{"line":190,"column":9}},"type":"if","locations":[{"start":{"line":185,"column":8},"end":{"line":190,"column":9}},{"start":{},"end":{}}],"line":185},"13":{"loc":{"start":{"line":241,"column":20},"end":{"line":241,"column":55}},"type":"binary-expr","locations":[{"start":{"line":241,"column":20},"end":{"line":241,"column":28}},{"start":{"line":241,"column":32},"end":{"line":241,"column":55}}],"line":241}},"s":{"0":1,"1":1,"2":1,"3":1,"4":1,"5":1,"6":0,"7":0,"8":0,"9":0,"10":0,"11":0,"12":0,"13":0,"14":0,"15":0,"16":0,"17":0,"18":1,"19":0,"20":0,"21":0,"22":0,"23":0,"24":0,"25":0,"26":1,"27":0,"28":0,"29":0,"30":0,"31":0,"32":0,"33":0,"34":0,"35":0,"36":0,"37":0,"38":0,"39":0,"40":0,"41":0,"42":0,"43":0,"44":1,"45":0,"46":0,"47":0,"48":0,"49":0,"50":0,"51":0,"52":0,"53":0,"54":0,"55":0,"56":0,"57":1,"58":0,"59":0,"60":0,"61":0,"62":0,"63":0,"64":0,"65":0,"66":0,"67":1,"68":0,"69":0,"70":0,"71":0,"72":0},"f":{"0":0,"1":0,"2":0,"3":0,"4":0,"5":0,"6":0},"b":{"0":[0,0],"1":[0,0],"2":[0,0],"3":[0,0],"4":[0,0],"5":[0,0],"6":[0,0],"7":[0,0],"8":[0,0],"9":[0,0],"10":[0,0,0],"11":[0,0],"12":[0,0],"13":[0,0]},"_coverageSchema":"1a1c01bbd47fc00a2c39e90264f33305004495a9","hash":"353c881d1f09493f2ef4a3b1c00222f4af30bb83"}
,"D:\\Projects\\An AI-Powered Healthcare Management System for Medication Adherence\\MedAssistProject\\medassistai\\server\\src\\middleware\\auth.middleware.js": {"path":"D:\\Projects\\An AI-Powered Healthcare Management System for Medication Adherence\\MedAssistProject\\medassistai\\server\\src\\middleware\\auth.middleware.js","statementMap":{"0":{"start":{"line":1,"column":13},"end":{"line":1,"column":36}},"1":{"start":{"line":2,"column":13},"end":{"line":2,"column":38}},"2":{"start":{"line":4,"column":0},"end":{"line":66,"column":2}},"3":{"start":{"line":5,"column":4},"end":{"line":65,"column":5}},"4":{"start":{"line":9,"column":8},"end":{"line":15,"column":9}},"5":{"start":{"line":10,"column":12},"end":{"line":10,"column":60}},"6":{"start":{"line":13,"column":13},"end":{"line":15,"column":9}},"7":{"start":{"line":14,"column":12},"end":{"line":14,"column":38}},"8":{"start":{"line":17,"column":8},"end":{"line":22,"column":9}},"9":{"start":{"line":18,"column":12},"end":{"line":21,"column":15}},"10":{"start":{"line":24,"column":8},"end":{"line":62,"column":9}},"11":{"start":{"line":26,"column":28},"end":{"line":26,"column":69}},"12":{"start":{"line":29,"column":25},"end":{"line":29,"column":71}},"13":{"start":{"line":31,"column":12},"end":{"line":36,"column":13}},"14":{"start":{"line":32,"column":16},"end":{"line":35,"column":19}},"15":{"start":{"line":38,"column":12},"end":{"line":43,"column":13}},"16":{"start":{"line":39,"column":16},"end":{"line":42,"column":19}},"17":{"start":{"line":45,"column":12},"end":{"line":45,"column":36}},"18":{"start":{"line":46,"column":12},"end":{"line":46,"column":28}},"19":{"start":{"line":47,"column":12},"end":{"line":47,"column":19}},"20":{"start":{"line":49,"column":12},"end":{"line":54,"column":13}},"21":{"start":{"line":50,"column":16},"end":{"line":53,"column":19}},"22":{"start":{"line":55,"column":12},"end":{"line":60,"column":13}},"23":{"start":{"line":56,"column":16},"end":{"line":59,"column":19}},"24":{"start":{"line":61,"column":12},"end":{"line":61,"column":24}},"25":{"start":{"line":64,"column":8},"end":{"line":64,"column":20}},"26":{"start":{"line":69,"column":0},"end":{"line":86,"column":2}},"27":{"start":{"line":70,"column":4},"end":{"line":85,"column":6}},"28":{"start":{"line":71,"column":8},"end":{"line":76,"column":9}},"29":{"start":{"line":72,"column":12},"end":{"line":75,"column":15}},"30":{"start":{"line":78,"column":8},"end":{"line":83,"column":9}},"31":{"start":{"line":79,"column":12},"end":{"line":82,"column":15}},"32":{"start":{"line":84,"column":8},"end":{"line":84,"column":15}}},"fnMap":{"0":{"name":"(anonymous_0)","decl":{"start":{"line":4,"column":18},"end":{"line":4,"column":19}},"loc":{"start":{"line":4,"column":44},"end":{"line":66,"column":1}},"line":4},"1":{"name":"(anonymous_1)","decl":{"start":{"line":69,"column":20},"end":{"line":69,"column":21}},"loc":{"start":{"line":69,"column":34},"end":{"line":86,"column":1}},"line":69},"2":{"name":"(anonymous_2)","decl":{"start":{"line":70,"column":11},"end":{"line":70,"column":12}},"loc":{"start":{"line":70,"column":31},"end":{"line":85,"column":5}},"line":70}},"branchMap":{"0":{"loc":{"start":{"line":9,"column":8},"end":{"line":15,"column":9}},"type":"if","locations":[{"start":{"line":9,"column":8},"end":{"line":15,"column":9}},{"start":{"line":13,"column":13},"end":{"line":15,"column":9}}],"line":9},"1":{"loc":{"start":{"line":9,"column":12},"end":{"line":9,"column":87}},"type":"binary-expr","locations":[{"start":{"line":9,"column":12},"end":{"line":9,"column":37}},{"start":{"line":9,"column":41},"end":{"line":9,"column":87}}],"line":9},"2":{"loc":{"start":{"line":13,"column":13},"end":{"line":15,"column":9}},"type":"if","locations":[{"start":{"line":13,"column":13},"end":{"line":15,"column":9}},{"start":{},"end":{}}],"line":13},"3":{"loc":{"start":{"line":17,"column":8},"end":{"line":22,"column":9}},"type":"if","locations":[{"start":{"line":17,"column":8},"end":{"line":22,"column":9}},{"start":{},"end":{}}],"line":17},"4":{"loc":{"start":{"line":31,"column":12},"end":{"line":36,"column":13}},"type":"if","locations":[{"start":{"line":31,"column":12},"end":{"line":36,"column":13}},{"start":{},"end":{}}],"line":31},"5":{"loc":{"start":{"line":38,"column":12},"end":{"line":43,"column":13}},"type":"if","locations":[{"start":{"line":38,"column":12},"end":{"line":43,"column":13}},{"start":{},"end":{}}],"line":38},"6":{"loc":{"start":{"line":49,"column":12},"end":{"line":54,"column":13}},"type":"if","locations":[{"start":{"line":49,"column":12},"end":{"line":54,"column":13}},{"start":{},"end":{}}],"line":49},"7":{"loc":{"start":{"line":55,"column":12},"end":{"line":60,"column":13}},"type":"if","locations":[{"start":{"line":55,"column":12},"end":{"line":60,"column":13}},{"start":{},"end":{}}],"line":55},"8":{"loc":{"start":{"line":71,"column":8},"end":{"line":76,"column":9}},"type":"if","locations":[{"start":{"line":71,"column":8},"end":{"line":76,"column":9}},{"start":{},"end":{}}],"line":71},"9":{"loc":{"start":{"line":78,"column":8},"end":{"line":83,"column":9}},"type":"if","locations":[{"start":{"line":78,"column":8},"end":{"line":83,"column":9}},{"start":{},"end":{}}],"line":78}},"s":{"0":1,"1":1,"2":1,"3":0,"4":0,"5":0,"6":0,"7":0,"8":0,"9":0,"10":0,"11":0,"12":0,"13":0,"14":0,"15":0,"16":0,"17":0,"18":0,"19":0,"20":0,"21":0,"22":0,"23":0,"24":0,"25":0,"26":1,"27":0,"28":0,"29":0,"30":0,"31":0,"32":0},"f":{"0":0,"1":0,"2":0},"b":{"0":[0,0],"1":[0,0],"2":[0,0],"3":[0,0],"4":[0,0],"5":[0,0],"6":[0,0],"7":[0,0],"8":[0,0],"9":[0,0]},"_coverageSchema":"1a1c01bbd47fc00a2c39e90264f33305004495a9","hash":"7d771630ac433fe837959f8b70d3b3c136ee5b90"}
,"D:\\Projects\\An AI-Powered Healthcare Management System for Medication Adherence\\MedAssistProject\\medassistai\\server\\src\\middleware\\error.middleware.js": {"path":"D:\\Projects\\An AI-Powered Healthcare Management System for Medication Adherence\\MedAssistProject\\medassistai\\server\\src\\middleware\\error.middleware.js","statementMap":{"0":{"start":{"line":1,"column":22},"end":{"line":1,"column":55}},"1":{"start":{"line":3,"column":21},"end":{"line":45,"column":1}},"2":{"start":{"line":4,"column":16},"end":{"line":4,"column":26}},"3":{"start":{"line":5,"column":4},"end":{"line":5,"column":32}},"4":{"start":{"line":8,"column":4},"end":{"line":8,"column":35}},"5":{"start":{"line":11,"column":4},"end":{"line":14,"column":5}},"6":{"start":{"line":12,"column":24},"end":{"line":12,"column":44}},"7":{"start":{"line":13,"column":8},"end":{"line":13,"column":48}},"8":{"start":{"line":17,"column":4},"end":{"line":21,"column":5}},"9":{"start":{"line":18,"column":22},"end":{"line":18,"column":52}},"10":{"start":{"line":19,"column":24},"end":{"line":19,"column":95}},"11":{"start":{"line":20,"column":8},"end":{"line":20,"column":48}},"12":{"start":{"line":24,"column":4},"end":{"line":27,"column":5}},"13":{"start":{"line":25,"column":24},"end":{"line":25,"column":84}},"14":{"start":{"line":25,"column":61},"end":{"line":25,"column":72}},"15":{"start":{"line":26,"column":8},"end":{"line":26,"column":48}},"16":{"start":{"line":30,"column":4},"end":{"line":33,"column":5}},"17":{"start":{"line":31,"column":24},"end":{"line":31,"column":61}},"18":{"start":{"line":32,"column":8},"end":{"line":32,"column":48}},"19":{"start":{"line":35,"column":4},"end":{"line":38,"column":5}},"20":{"start":{"line":36,"column":24},"end":{"line":36,"column":72}},"21":{"start":{"line":37,"column":8},"end":{"line":37,"column":48}},"22":{"start":{"line":40,"column":4},"end":{"line":44,"column":7}},"23":{"start":{"line":47,"column":0},"end":{"line":47,"column":34}}},"fnMap":{"0":{"name":"(anonymous_0)","decl":{"start":{"line":3,"column":21},"end":{"line":3,"column":22}},"loc":{"start":{"line":3,"column":46},"end":{"line":45,"column":1}},"line":3},"1":{"name":"(anonymous_1)","decl":{"start":{"line":25,"column":54},"end":{"line":25,"column":55}},"loc":{"start":{"line":25,"column":61},"end":{"line":25,"column":72}},"line":25}},"branchMap":{"0":{"loc":{"start":{"line":11,"column":4},"end":{"line":14,"column":5}},"type":"if","locations":[{"start":{"line":11,"column":4},"end":{"line":14,"column":5}},{"start":{},"end":{}}],"line":11},"1":{"loc":{"start":{"line":17,"column":4},"end":{"line":21,"column":5}},"type":"if","locations":[{"start":{"line":17,"column":4},"end":{"line":21,"column":5}},{"start":{},"end":{}}],"line":17},"2":{"loc":{"start":{"line":24,"column":4},"end":{"line":27,"column":5}},"type":"if","locations":[{"start":{"line":24,"column":4},"end":{"line":27,"column":5}},{"start":{},"end":{}}],"line":24},"3":{"loc":{"start":{"line":30,"column":4},"end":{"line":33,"column":5}},"type":"if","locations":[{"start":{"line":30,"column":4},"end":{"line":33,"column":5}},{"start":{},"end":{}}],"line":30},"4":{"loc":{"start":{"line":35,"column":4},"end":{"line":38,"column":5}},"type":"if","locations":[{"start":{"line":35,"column":4},"end":{"line":38,"column":5}},{"start":{},"end":{}}],"line":35},"5":{"loc":{"start":{"line":40,"column":15},"end":{"line":40,"column":38}},"type":"binary-expr","locations":[{"start":{"line":40,"column":15},"end":{"line":40,"column":31}},{"start":{"line":40,"column":35},"end":{"line":40,"column":38}}],"line":40},"6":{"loc":{"start":{"line":42,"column":15},"end":{"line":42,"column":46}},"type":"binary-expr","locations":[{"start":{"line":42,"column":15},"end":{"line":42,"column":28}},{"start":{"line":42,"column":32},"end":{"line":42,"column":46}}],"line":42},"7":{"loc":{"start":{"line":43,"column":12},"end":{"line":43,"column":74}},"type":"binary-expr","locations":[{"start":{"line":43,"column":12},"end":{"line":43,"column":50}},{"start":{"line":43,"column":54},"end":{"line":43,"column":74}}],"line":43}},"s":{"0":1,"1":1,"2":0,"3":0,"4":0,"5":0,"6":0,"7":0,"8":0,"9":0,"10":0,"11":0,"12":0,"13":0,"14":0,"15":0,"16":0,"17":0,"18":0,"19":0,"20":0,"21":0,"22":0,"23":1},"f":{"0":0,"1":0},"b":{"0":[0,0],"1":[0,0],"2":[0,0],"3":[0,0],"4":[0,0],"5":[0,0],"6":[0,0],"7":[0,0]},"_coverageSchema":"1a1c01bbd47fc00a2c39e90264f33305004495a9","hash":"8f58aeb597986d179d17d485c9a90bd75aa75f7d"}
,"D:\\Projects\\An AI-Powered Healthcare Management System for Medication Adherence\\MedAssistProject\\medassistai\\server\\src\\middleware\\notFound.middleware.js": {"path":"D:\\Projects\\An AI-Powered Healthcare Management System for Medication Adherence\\MedAssistProject\\medassistai\\server\\src\\middleware\\notFound.middleware.js","statementMap":{"0":{"start":{"line":1,"column":22},"end":{"line":1,"column":55}},"1":{"start":{"line":3,"column":17},"end":{"line":6,"column":1}},"2":{"start":{"line":4,"column":18},"end":{"line":4,"column":74}},"3":{"start":{"line":5,"column":4},"end":{"line":5,"column":16}},"4":{"start":{"line":8,"column":0},"end":{"line":8,"column":26}}},"fnMap":{"0":{"name":"(anonymous_0)","decl":{"start":{"line":3,"column":17},"end":{"line":3,"column":18}},"loc":{"start":{"line":3,"column":37},"end":{"line":6,"column":1}},"line":3}},"branchMap":{},"s":{"0":1,"1":1,"2":0,"3":0,"4":1},"f":{"0":0},"b":{},"_coverageSchema":"1a1c01bbd47fc00a2c39e90264f33305004495a9","hash":"b876484983a84272b2d1b4f91c7540634b8c1025"}
,"D:\\Projects\\An AI-Powered Healthcare Management System for Medication Adherence\\MedAssistProject\\medassistai\\server\\src\\models\\AiLog.js": {"path":"D:\\Projects\\An AI-Powered Healthcare Management System for Medication Adherence\\MedAssistProject\\medassistai\\server\\src\\models\\AiLog.js","statementMap":{"0":{"start":{"line":1,"column":18},"end":{"line":1,"column":37}},"1":{"start":{"line":3,"column":20},"end":{"line":60,"column":2}},"2":{"start":{"line":63,"column":0},"end":{"line":63,"column":48}},"3":{"start":{"line":64,"column":0},"end":{"line":64,"column":44}},"4":{"start":{"line":65,"column":0},"end":{"line":65,"column":51}},"5":{"start":{"line":68,"column":0},"end":{"line":106,"column":2}},"6":{"start":{"line":69,"column":22},"end":{"line":69,"column":32}},"7":{"start":{"line":70,"column":4},"end":{"line":70,"column":50}},"8":{"start":{"line":72,"column":18},"end":{"line":103,"column":6}},"9":{"start":{"line":105,"column":4},"end":{"line":105,"column":17}},"10":{"start":{"line":109,"column":0},"end":{"line":136,"column":2}},"11":{"start":{"line":110,"column":22},"end":{"line":110,"column":32}},"12":{"start":{"line":111,"column":4},"end":{"line":111,"column":50}},"13":{"start":{"line":113,"column":18},"end":{"line":133,"column":6}},"14":{"start":{"line":135,"column":4},"end":{"line":135,"column":17}},"15":{"start":{"line":138,"column":0},"end":{"line":138,"column":54}}},"fnMap":{"0":{"name":"(anonymous_0)","decl":{"start":{"line":68,"column":36},"end":{"line":68,"column":37}},"loc":{"start":{"line":68,"column":61},"end":{"line":106,"column":1}},"line":68},"1":{"name":"(anonymous_1)","decl":{"start":{"line":109,"column":39},"end":{"line":109,"column":40}},"loc":{"start":{"line":109,"column":64},"end":{"line":136,"column":1}},"line":109}},"branchMap":{"0":{"loc":{"start":{"line":68,"column":51},"end":{"line":68,"column":59}},"type":"default-arg","locations":[{"start":{"line":68,"column":58},"end":{"line":68,"column":59}}],"line":68},"1":{"loc":{"start":{"line":109,"column":54},"end":{"line":109,"column":62}},"type":"default-arg","locations":[{"start":{"line":109,"column":61},"end":{"line":109,"column":62}}],"line":109}},"s":{"0":1,"1":1,"2":1,"3":1,"4":1,"5":1,"6":0,"7":0,"8":0,"9":0,"10":1,"11":0,"12":0,"13":0,"14":0,"15":1},"f":{"0":0,"1":0},"b":{"0":[0],"1":[0]},"_coverageSchema":"1a1c01bbd47fc00a2c39e90264f33305004495a9","hash":"c9666d21d1501654e8a9b6cf52d8bd2175e139c6"}
,"D:\\Projects\\An AI-Powered Healthcare Management System for Medication Adherence\\MedAssistProject\\medassistai\\server\\src\\models\\Medication.js": {"path":"D:\\Projects\\An AI-Powered Healthcare Management System for Medication Adherence\\MedAssistProject\\medassistai\\server\\src\\models\\Medication.js","statementMap":{"0":{"start":{"line":1,"column":18},"end":{"line":1,"column":37}},"1":{"start":{"line":3,"column":25},"end":{"line":79,"column":2}},"2":{"start":{"line":82,"column":0},"end":{"line":82,"column":51}},"3":{"start":{"line":83,"column":0},"end":{"line":83,"column":67}},"4":{"start":{"line":84,"column":0},"end":{"line":84,"column":53}},"5":{"start":{"line":87,"column":0},"end":{"line":92,"column":2}},"6":{"start":{"line":88,"column":16},"end":{"line":88,"column":26}},"7":{"start":{"line":89,"column":23},"end":{"line":89,"column":63}},"8":{"start":{"line":90,"column":21},"end":{"line":90,"column":57}},"9":{"start":{"line":91,"column":4},"end":{"line":91,"column":51}},"10":{"start":{"line":95,"column":0},"end":{"line":110,"column":2}},"11":{"start":{"line":96,"column":4},"end":{"line":96,"column":45}},"12":{"start":{"line":96,"column":35},"end":{"line":96,"column":45}},"13":{"start":{"line":98,"column":4},"end":{"line":108,"column":5}},"14":{"start":{"line":99,"column":8},"end":{"line":99,"column":26}},"15":{"start":{"line":100,"column":11},"end":{"line":108,"column":5}},"16":{"start":{"line":102,"column":22},"end":{"line":102,"column":41}},"17":{"start":{"line":103,"column":8},"end":{"line":107,"column":37}},"18":{"start":{"line":105,"column":35},"end":{"line":105,"column":50}},"19":{"start":{"line":106,"column":12},"end":{"line":106,"column":43}},"20":{"start":{"line":107,"column":20},"end":{"line":107,"column":35}},"21":{"start":{"line":109,"column":4},"end":{"line":109,"column":14}},"22":{"start":{"line":113,"column":0},"end":{"line":126,"column":3}},"23":{"start":{"line":114,"column":4},"end":{"line":125,"column":6}},"24":{"start":{"line":128,"column":0},"end":{"line":128,"column":64}}},"fnMap":{"0":{"name":"(anonymous_0)","decl":{"start":{"line":87,"column":45},"end":{"line":87,"column":46}},"loc":{"start":{"line":87,"column":56},"end":{"line":92,"column":1}},"line":87},"1":{"name":"(anonymous_1)","decl":{"start":{"line":95,"column":42},"end":{"line":95,"column":43}},"loc":{"start":{"line":95,"column":53},"end":{"line":110,"column":1}},"line":95},"2":{"name":"(anonymous_2)","decl":{"start":{"line":103,"column":33},"end":{"line":103,"column":34}},"loc":{"start":{"line":103,"column":41},"end":{"line":107,"column":9}},"line":103},"3":{"name":"(anonymous_3)","decl":{"start":{"line":107,"column":15},"end":{"line":107,"column":16}},"loc":{"start":{"line":107,"column":20},"end":{"line":107,"column":35}},"line":107},"4":{"name":"(anonymous_4)","decl":{"start":{"line":113,"column":40},"end":{"line":113,"column":41}},"loc":{"start":{"line":113,"column":51},"end":{"line":126,"column":1}},"line":113}},"branchMap":{"0":{"loc":{"start":{"line":89,"column":23},"end":{"line":89,"column":63}},"type":"binary-expr","locations":[{"start":{"line":89,"column":23},"end":{"line":89,"column":38}},{"start":{"line":89,"column":42},"end":{"line":89,"column":63}}],"line":89},"1":{"loc":{"start":{"line":90,"column":21},"end":{"line":90,"column":57}},"type":"binary-expr","locations":[{"start":{"line":90,"column":21},"end":{"line":90,"column":34}},{"start":{"line":90,"column":38},"end":{"line":90,"column":57}}],"line":90},"2":{"loc":{"start":{"line":91,"column":11},"end":{"line":91,"column":50}},"type":"binary-expr","locations":[{"start":{"line":91,"column":11},"end":{"line":91,"column":21}},{"start":{"line":91,"column":25},"end":{"line":91,"column":33}},{"start":{"line":91,"column":37},"end":{"line":91,"column":50}}],"line":91},"3":{"loc":{"start":{"line":96,"column":4},"end":{"line":96,"column":45}},"type":"if","locations":[{"start":{"line":96,"column":4},"end":{"line":96,"column":45}},{"start":{},"end":{}}],"line":96},"4":{"loc":{"start":{"line":98,"column":4},"end":{"line":108,"column":5}},"type":"if","locations":[{"start":{"line":98,"column":4},"end":{"line":108,"column":5}},{"start":{"line":100,"column":11},"end":{"line":108,"column":5}}],"line":98},"5":{"loc":{"start":{"line":98,"column":8},"end":{"line":98,"column":106}},"type":"binary-expr","locations":[{"start":{"line":98,"column":8},"end":{"line":98,"column":34}},{"start":{"line":98,"column":38},"end":{"line":98,"column":70}},{"start":{"line":98,"column":74},"end":{"line":98,"column":106}}],"line":98},"6":{"loc":{"start":{"line":100,"column":11},"end":{"line":108,"column":5}},"type":"if","locations":[{"start":{"line":100,"column":11},"end":{"line":108,"column":5}},{"start":{},"end":{}}],"line":100}},"s":{"0":1,"1":1,"2":1,"3":1,"4":1,"5":1,"6":0,"7":0,"8":0,"9":0,"10":1,"11":0,"12":0,"13":0,"14":0,"15":0,"16":0,"17":0,"18":0,"19":0,"20":0,"21":0,"22":1,"23":0,"24":1},"f":{"0":0,"1":0,"2":0,"3":0,"4":0},"b":{"0":[0,0],"1":[0,0],"2":[0,0,0],"3":[0,0],"4":[0,0],"5":[0,0,0],"6":[0,0]},"_coverageSchema":"1a1c01bbd47fc00a2c39e90264f33305004495a9","hash":"795ca1b2ed010fc830ca4f8ddbb7ad5d19e0d91e"}
,"D:\\Projects\\An AI-Powered Healthcare Management System for Medication Adherence\\MedAssistProject\\medassistai\\server\\src\\models\\Reminder.js": {"path":"D:\\Projects\\An AI-Powered Healthcare Management System for Medication Adherence\\MedAssistProject\\medassistai\\server\\src\\models\\Reminder.js","statementMap":{"0":{"start":{"line":1,"column":18},"end":{"line":1,"column":37}},"1":{"start":{"line":3,"column":23},"end":{"line":65,"column":2}},"2":{"start":{"line":68,"column":0},"end":{"line":68,"column":54}},"3":{"start":{"line":69,"column":0},"end":{"line":69,"column":66}},"4":{"start":{"line":70,"column":0},"end":{"line":70,"column":60}},"5":{"start":{"line":73,"column":0},"end":{"line":78,"column":2}},"6":{"start":{"line":74,"column":4},"end":{"line":74,"column":26}},"7":{"start":{"line":75,"column":4},"end":{"line":75,"column":30}},"8":{"start":{"line":76,"column":4},"end":{"line":76,"column":79}},"9":{"start":{"line":77,"column":4},"end":{"line":77,"column":23}},"10":{"start":{"line":81,"column":0},"end":{"line":87,"column":2}},"11":{"start":{"line":82,"column":4},"end":{"line":85,"column":5}},"12":{"start":{"line":83,"column":8},"end":{"line":83,"column":31}},"13":{"start":{"line":84,"column":8},"end":{"line":84,"column":27}},"14":{"start":{"line":86,"column":4},"end":{"line":86,"column":33}},"15":{"start":{"line":90,"column":0},"end":{"line":99,"column":2}},"16":{"start":{"line":91,"column":4},"end":{"line":93,"column":5}},"17":{"start":{"line":92,"column":8},"end":{"line":92,"column":56}},"18":{"start":{"line":95,"column":4},"end":{"line":95,"column":28}},"19":{"start":{"line":96,"column":4},"end":{"line":96,"column":63}},"20":{"start":{"line":97,"column":4},"end":{"line":97,"column":26}},"21":{"start":{"line":98,"column":4},"end":{"line":98,"column":23}},"22":{"start":{"line":102,"column":0},"end":{"line":112,"column":2}},"23":{"start":{"line":103,"column":16},"end":{"line":103,"column":26}},"24":{"start":{"line":104,"column":4},"end":{"line":111,"column":39}},"25":{"start":{"line":115,"column":0},"end":{"line":155,"column":2}},"26":{"start":{"line":116,"column":22},"end":{"line":116,"column":32}},"27":{"start":{"line":117,"column":4},"end":{"line":117,"column":50}},"28":{"start":{"line":119,"column":18},"end":{"line":147,"column":6}},"29":{"start":{"line":149,"column":19},"end":{"line":149,"column":76}},"30":{"start":{"line":150,"column":4},"end":{"line":152,"column":12}},"31":{"start":{"line":154,"column":4},"end":{"line":154,"column":18}},"32":{"start":{"line":157,"column":0},"end":{"line":157,"column":60}}},"fnMap":{"0":{"name":"(anonymous_0)","decl":{"start":{"line":73,"column":37},"end":{"line":73,"column":38}},"loc":{"start":{"line":73,"column":48},"end":{"line":78,"column":1}},"line":73},"1":{"name":"(anonymous_1)","decl":{"start":{"line":81,"column":38},"end":{"line":81,"column":39}},"loc":{"start":{"line":81,"column":49},"end":{"line":87,"column":1}},"line":81},"2":{"name":"(anonymous_2)","decl":{"start":{"line":90,"column":32},"end":{"line":90,"column":33}},"loc":{"start":{"line":90,"column":55},"end":{"line":99,"column":1}},"line":90},"3":{"name":"(anonymous_3)","decl":{"start":{"line":102,"column":42},"end":{"line":102,"column":43}},"loc":{"start":{"line":102,"column":53},"end":{"line":112,"column":1}},"line":102},"4":{"name":"(anonymous_4)","decl":{"start":{"line":115,"column":43},"end":{"line":115,"column":44}},"loc":{"start":{"line":115,"column":77},"end":{"line":155,"column":1}},"line":115}},"branchMap":{"0":{"loc":{"start":{"line":82,"column":4},"end":{"line":85,"column":5}},"type":"if","locations":[{"start":{"line":82,"column":4},"end":{"line":85,"column":5}},{"start":{},"end":{}}],"line":82},"1":{"loc":{"start":{"line":90,"column":41},"end":{"line":90,"column":53}},"type":"default-arg","locations":[{"start":{"line":90,"column":51},"end":{"line":90,"column":53}}],"line":90},"2":{"loc":{"start":{"line":91,"column":4},"end":{"line":93,"column":5}},"type":"if","locations":[{"start":{"line":91,"column":4},"end":{"line":93,"column":5}},{"start":{},"end":{}}],"line":91},"3":{"loc":{"start":{"line":115,"column":66},"end":{"line":115,"column":75}},"type":"default-arg","locations":[{"start":{"line":115,"column":73},"end":{"line":115,"column":75}}],"line":115},"4":{"loc":{"start":{"line":149,"column":19},"end":{"line":149,"column":76}},"type":"binary-expr","locations":[{"start":{"line":149,"column":19},"end":{"line":149,"column":27}},{"start":{"line":149,"column":31},"end":{"line":149,"column":76}}],"line":149},"5":{"loc":{"start":{"line":150,"column":27},"end":{"line":152,"column":11}},"type":"cond-expr","locations":[{"start":{"line":151,"column":10},"end":{"line":151,"column":57}},{"start":{"line":152,"column":10},"end":{"line":152,"column":11}}],"line":150}},"s":{"0":1,"1":1,"2":1,"3":1,"4":1,"5":1,"6":0,"7":0,"8":0,"9":0,"10":1,"11":0,"12":0,"13":0,"14":0,"15":1,"16":0,"17":0,"18":0,"19":0,"20":0,"21":0,"22":1,"23":0,"24":0,"25":1,"26":0,"27":0,"28":0,"29":0,"30":0,"31":0,"32":1},"f":{"0":0,"1":0,"2":0,"3":0,"4":0},"b":{"0":[0,0],"1":[0],"2":[0,0],"3":[0],"4":[0,0],"5":[0,0]},"_coverageSchema":"1a1c01bbd47fc00a2c39e90264f33305004495a9","hash":"d9ca4c9a6ce2051f9b5164275e2e2c1a724efc22"}
,"D:\\Projects\\An AI-Powered Healthcare Management System for Medication Adherence\\MedAssistProject\\medassistai\\server\\src\\models\\User.js": {"path":"D:\\Projects\\An AI-Powered Healthcare Management System for Medication Adherence\\MedAssistProject\\medassistai\\server\\src\\models\\User.js","statementMap":{"0":{"start":{"line":1,"column":17},"end":{"line":1,"column":36}},"1":{"start":{"line":2,"column":15},"end":{"line":2,"column":34}},"2":{"start":{"line":4,"column":19},"end":{"line":55,"column":2}},"3":{"start":{"line":58,"column":0},"end":{"line":58,"column":34}},"4":{"start":{"line":62,"column":0},"end":{"line":72,"column":3}},"5":{"start":{"line":63,"column":4},"end":{"line":63,"column":47}},"6":{"start":{"line":63,"column":33},"end":{"line":63,"column":47}},"7":{"start":{"line":65,"column":4},"end":{"line":71,"column":5}},"8":{"start":{"line":66,"column":21},"end":{"line":66,"column":45}},"9":{"start":{"line":67,"column":8},"end":{"line":67,"column":53}},"10":{"start":{"line":68,"column":8},"end":{"line":68,"column":15}},"11":{"start":{"line":70,"column":8},"end":{"line":70,"column":20}},"12":{"start":{"line":75,"column":0},"end":{"line":77,"column":2}},"13":{"start":{"line":76,"column":4},"end":{"line":76,"column":54}},"14":{"start":{"line":80,"column":0},"end":{"line":85,"column":3}},"15":{"start":{"line":82,"column":8},"end":{"line":82,"column":23}},"16":{"start":{"line":83,"column":8},"end":{"line":83,"column":19}},"17":{"start":{"line":87,"column":0},"end":{"line":87,"column":52}}},"fnMap":{"0":{"name":"(anonymous_0)","decl":{"start":{"line":62,"column":23},"end":{"line":62,"column":24}},"loc":{"start":{"line":62,"column":44},"end":{"line":72,"column":1}},"line":62},"1":{"name":"(anonymous_1)","decl":{"start":{"line":75,"column":32},"end":{"line":75,"column":33}},"loc":{"start":{"line":75,"column":59},"end":{"line":77,"column":1}},"line":75},"2":{"name":"(anonymous_2)","decl":{"start":{"line":81,"column":15},"end":{"line":81,"column":16}},"loc":{"start":{"line":81,"column":43},"end":{"line":84,"column":5}},"line":81}},"branchMap":{"0":{"loc":{"start":{"line":63,"column":4},"end":{"line":63,"column":47}},"type":"if","locations":[{"start":{"line":63,"column":4},"end":{"line":63,"column":47}},{"start":{},"end":{}}],"line":63}},"s":{"0":1,"1":1,"2":1,"3":1,"4":1,"5":0,"6":0,"7":0,"8":0,"9":0,"10":0,"11":0,"12":1,"13":0,"14":1,"15":0,"16":0,"17":1},"f":{"0":0,"1":0,"2":0},"b":{"0":[0,0]},"_coverageSchema":"1a1c01bbd47fc00a2c39e90264f33305004495a9","hash":"8ac8c3598cdbcadcb2e4e1f6fdf42bcd0324a519"}
,"D:\\Projects\\An AI-Powered Healthcare Management System for Medication Adherence\\MedAssistProject\\medassistai\\server\\src\\routes\\ai.routes.js": {"path":"D:\\Projects\\An AI-Powered Healthcare Management System for Medication Adherence\\MedAssistProject\\medassistai\\server\\src\\routes\\ai.routes.js","statementMap":{"0":{"start":{"line":1,"column":17},"end":{"line":1,"column":35}},"1":{"start":{"line":2,"column":15},"end":{"line":2,"column":31}},"2":{"start":{"line":3,"column":20},"end":{"line":3,"column":60}},"3":{"start":{"line":4,"column":18},"end":{"line":4,"column":51}},"4":{"start":{"line":5,"column":14},"end":{"line":5,"column":40}},"5":{"start":{"line":10,"column":0},"end":{"line":35,"column":3}},"6":{"start":{"line":11,"column":4},"end":{"line":34,"column":5}},"7":{"start":{"line":12,"column":35},"end":{"line":12,"column":43}},"8":{"start":{"line":14,"column":8},"end":{"line":19,"column":9}},"9":{"start":{"line":15,"column":12},"end":{"line":18,"column":15}},"10":{"start":{"line":21,"column":23},"end":{"line":25,"column":9}},"11":{"start":{"line":27,"column":8},"end":{"line":31,"column":11}},"12":{"start":{"line":33,"column":8},"end":{"line":33,"column":20}},"13":{"start":{"line":40,"column":0},"end":{"line":59,"column":3}},"14":{"start":{"line":41,"column":4},"end":{"line":58,"column":5}},"15":{"start":{"line":42,"column":64},"end":{"line":42,"column":72}},"16":{"start":{"line":44,"column":23},"end":{"line":50,"column":10}},"17":{"start":{"line":52,"column":8},"end":{"line":55,"column":11}},"18":{"start":{"line":57,"column":8},"end":{"line":57,"column":20}},"19":{"start":{"line":64,"column":0},"end":{"line":87,"column":3}},"20":{"start":{"line":65,"column":4},"end":{"line":86,"column":5}},"21":{"start":{"line":66,"column":35},"end":{"line":66,"column":43}},"22":{"start":{"line":69,"column":27},"end":{"line":69,"column":58}},"23":{"start":{"line":70,"column":29},"end":{"line":73,"column":25}},"24":{"start":{"line":75,"column":29},"end":{"line":78,"column":9}},"25":{"start":{"line":77,"column":34},"end":{"line":77,"column":40}},"26":{"start":{"line":80,"column":8},"end":{"line":83,"column":11}},"27":{"start":{"line":85,"column":8},"end":{"line":85,"column":20}},"28":{"start":{"line":92,"column":0},"end":{"line":111,"column":3}},"29":{"start":{"line":93,"column":4},"end":{"line":110,"column":5}},"30":{"start":{"line":95,"column":21},"end":{"line":95,"column":50}},"31":{"start":{"line":97,"column":27},"end":{"line":97,"column":58}},"32":{"start":{"line":98,"column":30},"end":{"line":98,"column":64}},"33":{"start":{"line":100,"column":8},"end":{"line":107,"column":11}},"34":{"start":{"line":109,"column":8},"end":{"line":109,"column":20}},"35":{"start":{"line":116,"column":0},"end":{"line":131,"column":3}},"36":{"start":{"line":118,"column":4},"end":{"line":130,"column":7}},"37":{"start":{"line":133,"column":0},"end":{"line":133,"column":24}}},"fnMap":{"0":{"name":"(anonymous_0)","decl":{"start":{"line":10,"column":33},"end":{"line":10,"column":34}},"loc":{"start":{"line":10,"column":59},"end":{"line":35,"column":1}},"line":10},"1":{"name":"(anonymous_1)","decl":{"start":{"line":40,"column":34},"end":{"line":40,"column":35}},"loc":{"start":{"line":40,"column":60},"end":{"line":59,"column":1}},"line":40},"2":{"name":"(anonymous_2)","decl":{"start":{"line":64,"column":44},"end":{"line":64,"column":45}},"loc":{"start":{"line":64,"column":70},"end":{"line":87,"column":1}},"line":64},"3":{"name":"(anonymous_3)","decl":{"start":{"line":77,"column":29},"end":{"line":77,"column":30}},"loc":{"start":{"line":77,"column":34},"end":{"line":77,"column":40}},"line":77},"4":{"name":"(anonymous_4)","decl":{"start":{"line":92,"column":30},"end":{"line":92,"column":31}},"loc":{"start":{"line":92,"column":56},"end":{"line":111,"column":1}},"line":92},"5":{"name":"(anonymous_5)","decl":{"start":{"line":116,"column":22},"end":{"line":116,"column":23}},"loc":{"start":{"line":116,"column":42},"end":{"line":131,"column":1}},"line":116}},"branchMap":{"0":{"loc":{"start":{"line":14,"column":8},"end":{"line":19,"column":9}},"type":"if","locations":[{"start":{"line":14,"column":8},"end":{"line":19,"column":9}},{"start":{},"end":{}}],"line":14},"1":{"loc":{"start":{"line":29,"column":20},"end":{"line":29,"column":46}},"type":"binary-expr","locations":[{"start":{"line":29,"column":20},"end":{"line":29,"column":33}},{"start":{"line":29,"column":37},"end":{"line":29,"column":46}}],"line":29},"2":{"loc":{"start":{"line":49,"column":22},"end":{"line":49,"column":38}},"type":"binary-expr","locations":[{"start":{"line":49,"column":22},"end":{"line":49,"column":30}},{"start":{"line":49,"column":34},"end":{"line":49,"column":38}}],"line":49},"3":{"loc":{"start":{"line":95,"column":21},"end":{"line":95,"column":50}},"type":"binary-expr","locations":[{"start":{"line":95,"column":21},"end":{"line":95,"column":45}},{"start":{"line":95,"column":49},"end":{"line":95,"column":50}}],"line":95}},"s":{"0":1,"1":1,"2":1,"3":1,"4":1,"5":1,"6":0,"7":0,"8":0,"9":0,"10":0,"11":0,"12":0,"13":1,"14":0,"15":0,"16":0,"17":0,"18":0,"19":1,"20":0,"21":0,"22":0,"23":0,"24":0,"25":0,"26":0,"27":0,"28":1,"29":0,"30":0,"31":0,"32":0,"33":0,"34":0,"35":1,"36":0,"37":1},"f":{"0":0,"1":0,"2":0,"3":0,"4":0,"5":0},"b":{"0":[0,0],"1":[0,0],"2":[0,0],"3":[0,0]},"_coverageSchema":"1a1c01bbd47fc00a2c39e90264f33305004495a9","hash":"05bd7f00f2b804bbf3ba8d7d0b4d85ffd40a1198"}
,"D:\\Projects\\An AI-Powered Healthcare Management System for Medication Adherence\\MedAssistProject\\medassistai\\server\\src\\routes\\auth.routes.js": {"path":"D:\\Projects\\An AI-Powered Healthcare Management System for Medication Adherence\\MedAssistProject\\medassistai\\server\\src\\routes\\auth.routes.js","statementMap":{"0":{"start":{"line":1,"column":17},"end":{"line":1,"column":35}},"1":{"start":{"line":2,"column":15},"end":{"line":2,"column":31}},"2":{"start":{"line":3,"column":17},"end":{"line":3,"column":45}},"3":{"start":{"line":4,"column":20},"end":{"line":4,"column":60}},"4":{"start":{"line":13,"column":4},"end":{"line":13,"column":45}},"5":{"start":{"line":16,"column":27},"end":{"line":35,"column":1}},"6":{"start":{"line":37,"column":24},"end":{"line":46,"column":1}},"7":{"start":{"line":48,"column":22},"end":{"line":57,"column":1}},"8":{"start":{"line":59,"column":28},"end":{"line":74,"column":1}},"9":{"start":{"line":69,"column":12},"end":{"line":71,"column":13}},"10":{"start":{"line":70,"column":16},"end":{"line":70,"column":78}},"11":{"start":{"line":72,"column":12},"end":{"line":72,"column":24}},"12":{"start":{"line":77,"column":0},"end":{"line":77,"column":55}},"13":{"start":{"line":78,"column":0},"end":{"line":78,"column":46}},"14":{"start":{"line":79,"column":0},"end":{"line":79,"column":79}},"15":{"start":{"line":80,"column":0},"end":{"line":80,"column":53}},"16":{"start":{"line":81,"column":0},"end":{"line":81,"column":34}},"17":{"start":{"line":82,"column":0},"end":{"line":82,"column":40}},"18":{"start":{"line":83,"column":0},"end":{"line":83,"column":67}},"19":{"start":{"line":85,"column":0},"end":{"line":85,"column":24}}},"fnMap":{"0":{"name":"(anonymous_0)","decl":{"start":{"line":68,"column":16},"end":{"line":68,"column":17}},"loc":{"start":{"line":68,"column":36},"end":{"line":73,"column":9}},"line":68}},"branchMap":{"0":{"loc":{"start":{"line":69,"column":12},"end":{"line":71,"column":13}},"type":"if","locations":[{"start":{"line":69,"column":12},"end":{"line":71,"column":13}},{"start":{},"end":{}}],"line":69}},"s":{"0":1,"1":1,"2":1,"3":1,"4":1,"5":1,"6":1,"7":1,"8":1,"9":0,"10":0,"11":0,"12":1,"13":1,"14":1,"15":1,"16":1,"17":1,"18":1,"19":1},"f":{"0":0},"b":{"0":[0,0]},"_coverageSchema":"1a1c01bbd47fc00a2c39e90264f33305004495a9","hash":"98a9722250a6102f075f8cafab11c20482017431"}
,"D:\\Projects\\An AI-Powered Healthcare Management System for Medication Adherence\\MedAssistProject\\medassistai\\server\\src\\routes\\health.routes.js": {"path":"D:\\Projects\\An AI-Powered Healthcare Management System for Medication Adherence\\MedAssistProject\\medassistai\\server\\src\\routes\\health.routes.js","statementMap":{"0":{"start":{"line":1,"column":17},"end":{"line":1,"column":35}},"1":{"start":{"line":2,"column":15},"end":{"line":2,"column":31}},"2":{"start":{"line":3,"column":17},"end":{"line":3,"column":36}},"3":{"start":{"line":4,"column":11},"end":{"line":4,"column":24}},"4":{"start":{"line":6,"column":0},"end":{"line":35,"column":3}},"5":{"start":{"line":7,"column":24},"end":{"line":32,"column":5}},"6":{"start":{"line":34,"column":4},"end":{"line":34,"column":38}},"7":{"start":{"line":37,"column":0},"end":{"line":55,"column":3}},"8":{"start":{"line":39,"column":4},"end":{"line":54,"column":5}},"9":{"start":{"line":40,"column":8},"end":{"line":40,"column":52}},"10":{"start":{"line":42,"column":8},"end":{"line":46,"column":11}},"11":{"start":{"line":48,"column":8},"end":{"line":53,"column":11}},"12":{"start":{"line":57,"column":0},"end":{"line":57,"column":24}}},"fnMap":{"0":{"name":"(anonymous_0)","decl":{"start":{"line":6,"column":16},"end":{"line":6,"column":17}},"loc":{"start":{"line":6,"column":30},"end":{"line":35,"column":1}},"line":6},"1":{"name":"(anonymous_1)","decl":{"start":{"line":37,"column":20},"end":{"line":37,"column":21}},"loc":{"start":{"line":37,"column":40},"end":{"line":55,"column":1}},"line":37}},"branchMap":{"0":{"loc":{"start":{"line":13,"column":20},"end":{"line":13,"column":87}},"type":"cond-expr","locations":[{"start":{"line":13,"column":59},"end":{"line":13,"column":70}},{"start":{"line":13,"column":73},"end":{"line":13,"column":87}}],"line":13}},"s":{"0":1,"1":1,"2":1,"3":1,"4":1,"5":0,"6":0,"7":1,"8":0,"9":0,"10":0,"11":0,"12":1},"f":{"0":0,"1":0},"b":{"0":[0,0]},"_coverageSchema":"1a1c01bbd47fc00a2c39e90264f33305004495a9","hash":"01b00f99996d98d51b0e498f0a76ff8eeef190e1"}
,"D:\\Projects\\An AI-Powered Healthcare Management System for Medication Adherence\\MedAssistProject\\medassistai\\server\\src\\routes\\medication.routes.js": {"path":"D:\\Projects\\An AI-Powered Healthcare Management System for Medication Adherence\\MedAssistProject\\medassistai\\server\\src\\routes\\medication.routes.js","statementMap":{"0":{"start":{"line":1,"column":17},"end":{"line":1,"column":35}},"1":{"start":{"line":2,"column":15},"end":{"line":2,"column":31}},"2":{"start":{"line":3,"column":17},"end":{"line":3,"column":45}},"3":{"start":{"line":4,"column":20},"end":{"line":4,"column":60}},"4":{"start":{"line":12,"column":4},"end":{"line":12,"column":51}},"5":{"start":{"line":15,"column":29},"end":{"line":47,"column":1}},"6":{"start":{"line":42,"column":12},"end":{"line":44,"column":13}},"7":{"start":{"line":43,"column":16},"end":{"line":43,"column":69}},"8":{"start":{"line":45,"column":12},"end":{"line":45,"column":24}},"9":{"start":{"line":50,"column":0},"end":{"line":50,"column":20}},"10":{"start":{"line":53,"column":0},"end":{"line":53,"column":32}},"11":{"start":{"line":54,"column":0},"end":{"line":54,"column":41}},"12":{"start":{"line":55,"column":0},"end":{"line":55,"column":34}},"13":{"start":{"line":56,"column":0},"end":{"line":56,"column":57}},"14":{"start":{"line":57,"column":0},"end":{"line":57,"column":59}},"15":{"start":{"line":58,"column":0},"end":{"line":58,"column":40}},"16":{"start":{"line":60,"column":0},"end":{"line":60,"column":24}}},"fnMap":{"0":{"name":"(anonymous_0)","decl":{"start":{"line":41,"column":16},"end":{"line":41,"column":17}},"loc":{"start":{"line":41,"column":36},"end":{"line":46,"column":9}},"line":41}},"branchMap":{"0":{"loc":{"start":{"line":42,"column":12},"end":{"line":44,"column":13}},"type":"if","locations":[{"start":{"line":42,"column":12},"end":{"line":44,"column":13}},{"start":{},"end":{}}],"line":42},"1":{"loc":{"start":{"line":42,"column":16},"end":{"line":42,"column":93}},"type":"binary-expr","locations":[{"start":{"line":42,"column":16},"end":{"line":42,"column":21}},{"start":{"line":42,"column":25},"end":{"line":42,"column":43}},{"start":{"line":42,"column":47},"end":{"line":42,"column":93}}],"line":42}},"s":{"0":1,"1":1,"2":1,"3":1,"4":1,"5":1,"6":0,"7":0,"8":0,"9":1,"10":1,"11":1,"12":1,"13":1,"14":1,"15":1,"16":1},"f":{"0":0},"b":{"0":[0,0],"1":[0,0,0]},"_coverageSchema":"1a1c01bbd47fc00a2c39e90264f33305004495a9","hash":"3a98c435bf19af94a444ba041322d6881c1982aa"}
,"D:\\Projects\\An AI-Powered Healthcare Management System for Medication Adherence\\MedAssistProject\\medassistai\\server\\src\\routes\\reminder.routes.js": {"path":"D:\\Projects\\An AI-Powered Healthcare Management System for Medication Adherence\\MedAssistProject\\medassistai\\server\\src\\routes\\reminder.routes.js","statementMap":{"0":{"start":{"line":1,"column":17},"end":{"line":1,"column":35}},"1":{"start":{"line":2,"column":15},"end":{"line":2,"column":31}},"2":{"start":{"line":3,"column":20},"end":{"line":3,"column":60}},"3":{"start":{"line":4,"column":17},"end":{"line":4,"column":46}},"4":{"start":{"line":7,"column":0},"end":{"line":7,"column":20}},"5":{"start":{"line":10,"column":0},"end":{"line":27,"column":3}},"6":{"start":{"line":11,"column":4},"end":{"line":26,"column":5}},"7":{"start":{"line":12,"column":26},"end":{"line":14,"column":39}},"8":{"start":{"line":16,"column":8},"end":{"line":20,"column":11}},"9":{"start":{"line":22,"column":8},"end":{"line":25,"column":11}},"10":{"start":{"line":30,"column":0},"end":{"line":54,"column":3}},"11":{"start":{"line":31,"column":4},"end":{"line":53,"column":5}},"12":{"start":{"line":32,"column":27},"end":{"line":32,"column":37}},"13":{"start":{"line":33,"column":8},"end":{"line":33,"column":40}},"14":{"start":{"line":35,"column":25},"end":{"line":35,"column":35}},"15":{"start":{"line":36,"column":8},"end":{"line":36,"column":43}},"16":{"start":{"line":38,"column":26},"end":{"line":41,"column":62}},"17":{"start":{"line":43,"column":8},"end":{"line":47,"column":11}},"18":{"start":{"line":49,"column":8},"end":{"line":52,"column":11}},"19":{"start":{"line":57,"column":0},"end":{"line":84,"column":3}},"20":{"start":{"line":58,"column":4},"end":{"line":83,"column":5}},"21":{"start":{"line":59,"column":25},"end":{"line":62,"column":10}},"22":{"start":{"line":64,"column":8},"end":{"line":69,"column":9}},"23":{"start":{"line":65,"column":12},"end":{"line":68,"column":15}},"24":{"start":{"line":71,"column":8},"end":{"line":71,"column":37}},"25":{"start":{"line":73,"column":8},"end":{"line":77,"column":11}},"26":{"start":{"line":79,"column":8},"end":{"line":82,"column":11}},"27":{"start":{"line":87,"column":0},"end":{"line":115,"column":3}},"28":{"start":{"line":88,"column":4},"end":{"line":114,"column":5}},"29":{"start":{"line":89,"column":33},"end":{"line":89,"column":41}},"30":{"start":{"line":90,"column":25},"end":{"line":93,"column":10}},"31":{"start":{"line":95,"column":8},"end":{"line":100,"column":9}},"32":{"start":{"line":96,"column":12},"end":{"line":99,"column":15}},"33":{"start":{"line":102,"column":8},"end":{"line":102,"column":39}},"34":{"start":{"line":104,"column":8},"end":{"line":108,"column":11}},"35":{"start":{"line":110,"column":8},"end":{"line":113,"column":11}},"36":{"start":{"line":117,"column":0},"end":{"line":117,"column":24}}},"fnMap":{"0":{"name":"(anonymous_0)","decl":{"start":{"line":10,"column":16},"end":{"line":10,"column":17}},"loc":{"start":{"line":10,"column":36},"end":{"line":27,"column":1}},"line":10},"1":{"name":"(anonymous_1)","decl":{"start":{"line":30,"column":21},"end":{"line":30,"column":22}},"loc":{"start":{"line":30,"column":41},"end":{"line":54,"column":1}},"line":30},"2":{"name":"(anonymous_2)","decl":{"start":{"line":57,"column":26},"end":{"line":57,"column":27}},"loc":{"start":{"line":57,"column":46},"end":{"line":84,"column":1}},"line":57},"3":{"name":"(anonymous_3)","decl":{"start":{"line":87,"column":27},"end":{"line":87,"column":28}},"loc":{"start":{"line":87,"column":47},"end":{"line":115,"column":1}},"line":87}},"branchMap":{"0":{"loc":{"start":{"line":64,"column":8},"end":{"line":69,"column":9}},"type":"if","locations":[{"start":{"line":64,"column":8},"end":{"line":69,"column":9}},{"start":{},"end":{}}],"line":64},"1":{"loc":{"start":{"line":89,"column":16},"end":{"line":89,"column":28}},"type":"default-arg","locations":[{"start":{"line":89,"column":26},"end":{"line":89,"column":28}}],"line":89},"2":{"loc":{"start":{"line":95,"column":8},"end":{"line":100,"column":9}},"type":"if","locations":[{"start":{"line":95,"column":8},"end":{"line":100,"column":9}},{"start":{},"end":{}}],"line":95}},"s":{"0":1,"1":1,"2":1,"3":1,"4":1,"5":1,"6":0,"7":0,"8":0,"9":0,"10":1,"11":0,"12":0,"13":0,"14":0,"15":0,"16":0,"17":0,"18":0,"19":1,"20":0,"21":0,"22":0,"23":0,"24":0,"25":0,"26":0,"27":1,"28":0,"29":0,"30":0,"31":0,"32":0,"33":0,"34":0,"35":0,"36":1},"f":{"0":0,"1":0,"2":0,"3":0},"b":{"0":[0,0],"1":[0],"2":[0,0]},"_coverageSchema":"1a1c01bbd47fc00a2c39e90264f33305004495a9","hash":"fe665f1ad65ba43edbe87ef1ff0ba4557032af5f"}
,"D:\\Projects\\An AI-Powered Healthcare Management System for Medication Adherence\\MedAssistProject\\medassistai\\server\\src\\routes\\user.routes.js": {"path":"D:\\Projects\\An AI-Powered Healthcare Management System for Medication Adherence\\MedAssistProject\\medassistai\\server\\src\\routes\\user.routes.js","statementMap":{"0":{"start":{"line":1,"column":17},"end":{"line":1,"column":35}},"1":{"start":{"line":2,"column":15},"end":{"line":2,"column":31}},"2":{"start":{"line":3,"column":20},"end":{"line":3,"column":60}},"3":{"start":{"line":4,"column":13},"end":{"line":4,"column":38}},"4":{"start":{"line":7,"column":0},"end":{"line":7,"column":20}},"5":{"start":{"line":10,"column":0},"end":{"line":23,"column":3}},"6":{"start":{"line":11,"column":4},"end":{"line":22,"column":5}},"7":{"start":{"line":12,"column":21},"end":{"line":12,"column":67}},"8":{"start":{"line":13,"column":8},"end":{"line":16,"column":11}},"9":{"start":{"line":18,"column":8},"end":{"line":21,"column":11}},"10":{"start":{"line":26,"column":0},"end":{"line":50,"column":3}},"11":{"start":{"line":27,"column":4},"end":{"line":49,"column":5}},"12":{"start":{"line":28,"column":24},"end":{"line":28,"column":32}},"13":{"start":{"line":30,"column":8},"end":{"line":30,"column":27}},"14":{"start":{"line":31,"column":8},"end":{"line":31,"column":28}},"15":{"start":{"line":32,"column":8},"end":{"line":32,"column":27}},"16":{"start":{"line":34,"column":21},"end":{"line":38,"column":24}},"17":{"start":{"line":40,"column":8},"end":{"line":43,"column":11}},"18":{"start":{"line":45,"column":8},"end":{"line":48,"column":11}},"19":{"start":{"line":52,"column":0},"end":{"line":52,"column":24}}},"fnMap":{"0":{"name":"(anonymous_0)","decl":{"start":{"line":10,"column":18},"end":{"line":10,"column":19}},"loc":{"start":{"line":10,"column":38},"end":{"line":23,"column":1}},"line":10},"1":{"name":"(anonymous_1)","decl":{"start":{"line":26,"column":23},"end":{"line":26,"column":24}},"loc":{"start":{"line":26,"column":43},"end":{"line":50,"column":1}},"line":26}},"branchMap":{},"s":{"0":1,"1":1,"2":1,"3":1,"4":1,"5":1,"6":0,"7":0,"8":0,"9":0,"10":1,"11":0,"12":0,"13":0,"14":0,"15":0,"16":0,"17":0,"18":0,"19":1},"f":{"0":0,"1":0},"b":{},"_coverageSchema":"1a1c01bbd47fc00a2c39e90264f33305004495a9","hash":"229bf65fcb8885950186fb32e5a335393e67a3f2"}
,"D:\\Projects\\An AI-Powered Healthcare Management System for Medication Adherence\\MedAssistProject\\medassistai\\server\\src\\services\\ai.service.js": {"path":"D:\\Projects\\An AI-Powered Healthcare Management System for Medication Adherence\\MedAssistProject\\medassistai\\server\\src\\services\\ai.service.js","statementMap":{"0":{"start":{"line":1,"column":15},"end":{"line":1,"column":31}},"1":{"start":{"line":2,"column":14},"end":{"line":2,"column":40}},"2":{"start":{"line":3,"column":23},"end":{"line":3,"column":38}},"3":{"start":{"line":4,"column":15},"end":{"line":4,"column":41}},"4":{"start":{"line":8,"column":8},"end":{"line":8,"column":86}},"5":{"start":{"line":9,"column":8},"end":{"line":9,"column":57}},"6":{"start":{"line":10,"column":8},"end":{"line":10,"column":55}},"7":{"start":{"line":11,"column":8},"end":{"line":11,"column":115}},"8":{"start":{"line":12,"column":8},"end":{"line":12,"column":28}},"9":{"start":{"line":13,"column":8},"end":{"line":13,"column":28}},"10":{"start":{"line":17,"column":26},"end":{"line":17,"column":34}},"11":{"start":{"line":18,"column":26},"end":{"line":18,"column":36}},"12":{"start":{"line":20,"column":8},"end":{"line":50,"column":9}},"13":{"start":{"line":22,"column":27},"end":{"line":22,"column":64}},"14":{"start":{"line":24,"column":12},"end":{"line":27,"column":13}},"15":{"start":{"line":25,"column":16},"end":{"line":25,"column":107}},"16":{"start":{"line":26,"column":16},"end":{"line":26,"column":35}},"17":{"start":{"line":30,"column":12},"end":{"line":30,"column":75}},"18":{"start":{"line":31,"column":35},"end":{"line":31,"column":71}},"19":{"start":{"line":33,"column":12},"end":{"line":36,"column":13}},"20":{"start":{"line":34,"column":16},"end":{"line":34,"column":133}},"21":{"start":{"line":35,"column":16},"end":{"line":35,"column":43}},"22":{"start":{"line":39,"column":36},"end":{"line":39,"column":77}},"23":{"start":{"line":40,"column":12},"end":{"line":40,"column":99}},"24":{"start":{"line":42,"column":12},"end":{"line":42,"column":35}},"25":{"start":{"line":45,"column":12},"end":{"line":45,"column":53}},"26":{"start":{"line":46,"column":12},"end":{"line":46,"column":99}},"27":{"start":{"line":49,"column":12},"end":{"line":49,"column":61}},"28":{"start":{"line":54,"column":8},"end":{"line":89,"column":9}},"29":{"start":{"line":54,"column":27},"end":{"line":54,"column":28}},"30":{"start":{"line":55,"column":12},"end":{"line":88,"column":13}},"31":{"start":{"line":56,"column":33},"end":{"line":70,"column":17}},"32":{"start":{"line":72,"column":16},"end":{"line":78,"column":17}},"33":{"start":{"line":73,"column":20},"end":{"line":77,"column":22}},"34":{"start":{"line":80,"column":16},"end":{"line":80,"column":81}},"35":{"start":{"line":82,"column":16},"end":{"line":84,"column":17}},"36":{"start":{"line":83,"column":20},"end":{"line":83,"column":68}},"37":{"start":{"line":87,"column":16},"end":{"line":87,"column":62}},"38":{"start":{"line":91,"column":8},"end":{"line":91,"column":65}},"39":{"start":{"line":95,"column":8},"end":{"line":97,"column":9}},"40":{"start":{"line":96,"column":12},"end":{"line":96,"column":78}},"41":{"start":{"line":99,"column":8},"end":{"line":144,"column":9}},"42":{"start":{"line":100,"column":27},"end":{"line":100,"column":65}},"43":{"start":{"line":102,"column":29},"end":{"line":123,"column":13}},"44":{"start":{"line":125,"column":25},"end":{"line":125,"column":81}},"45":{"start":{"line":127,"column":12},"end":{"line":137,"column":13}},"46":{"start":{"line":128,"column":16},"end":{"line":136,"column":18}},"47":{"start":{"line":139,"column":12},"end":{"line":139,"column":75}},"48":{"start":{"line":142,"column":12},"end":{"line":142,"column":57}},"49":{"start":{"line":143,"column":12},"end":{"line":143,"column":60}},"50":{"start":{"line":148,"column":25},"end":{"line":148,"column":49}},"51":{"start":{"line":149,"column":21},"end":{"line":149,"column":46}},"52":{"start":{"line":151,"column":8},"end":{"line":173,"column":9}},"53":{"start":{"line":152,"column":12},"end":{"line":161,"column":13}},"54":{"start":{"line":154,"column":20},"end":{"line":154,"column":144}},"55":{"start":{"line":156,"column":20},"end":{"line":156,"column":111}},"56":{"start":{"line":158,"column":20},"end":{"line":158,"column":119}},"57":{"start":{"line":160,"column":20},"end":{"line":160,"column":78}},"58":{"start":{"line":163,"column":12},"end":{"line":172,"column":13}},"59":{"start":{"line":165,"column":20},"end":{"line":165,"column":141}},"60":{"start":{"line":167,"column":20},"end":{"line":167,"column":118}},"61":{"start":{"line":169,"column":20},"end":{"line":169,"column":107}},"62":{"start":{"line":171,"column":20},"end":{"line":171,"column":71}},"63":{"start":{"line":177,"column":22},"end":{"line":177,"column":83}},"64":{"start":{"line":178,"column":24},"end":{"line":182,"column":9}},"65":{"start":{"line":184,"column":23},"end":{"line":184,"column":75}},"66":{"start":{"line":186,"column":8},"end":{"line":189,"column":10}},"67":{"start":{"line":193,"column":22},"end":{"line":193,"column":99}},"68":{"start":{"line":194,"column":24},"end":{"line":194,"column":47}},"69":{"start":{"line":196,"column":23},"end":{"line":196,"column":68}},"70":{"start":{"line":198,"column":8},"end":{"line":198,"column":70}},"71":{"start":{"line":202,"column":8},"end":{"line":204,"column":67}},"72":{"start":{"line":208,"column":21},"end":{"line":208,"column":46}},"73":{"start":{"line":210,"column":26},"end":{"line":227,"column":9}},"74":{"start":{"line":229,"column":25},"end":{"line":229,"column":49}},"75":{"start":{"line":231,"column":8},"end":{"line":235,"column":10}},"76":{"start":{"line":239,"column":8},"end":{"line":254,"column":9}},"77":{"start":{"line":240,"column":12},"end":{"line":251,"column":15}},"78":{"start":{"line":253,"column":12},"end":{"line":253,"column":61}},"79":{"start":{"line":258,"column":8},"end":{"line":272,"column":9}},"80":{"start":{"line":259,"column":12},"end":{"line":269,"column":15}},"81":{"start":{"line":271,"column":12},"end":{"line":271,"column":62}},"82":{"start":{"line":276,"column":8},"end":{"line":291,"column":9}},"83":{"start":{"line":277,"column":12},"end":{"line":288,"column":15}},"84":{"start":{"line":290,"column":12},"end":{"line":290,"column":64}},"85":{"start":{"line":295,"column":8},"end":{"line":295,"column":36}},"86":{"start":{"line":296,"column":8},"end":{"line":296,"column":86}},"87":{"start":{"line":296,"column":68},"end":{"line":296,"column":86}},"88":{"start":{"line":297,"column":8},"end":{"line":297,"column":94}},"89":{"start":{"line":297,"column":73},"end":{"line":297,"column":94}},"90":{"start":{"line":298,"column":8},"end":{"line":298,"column":90}},"91":{"start":{"line":298,"column":70},"end":{"line":298,"column":90}},"92":{"start":{"line":299,"column":8},"end":{"line":299,"column":84}},"93":{"start":{"line":299,"column":64},"end":{"line
[...]
n":4},"end":{"line":7,"column":5}},"loc":{"start":{"line":7,"column":18},"end":{"line":14,"column":5}},"line":7},"1":{"name":"(anonymous_1)","decl":{"start":{"line":16,"column":4},"end":{"line":16,"column":5}},"loc":{"start":{"line":16,"column":52},"end":{"line":51,"column":5}},"line":16},"2":{"name":"(anonymous_2)","decl":{"start":{"line":53,"column":4},"end":{"line":53,"column":5}},"loc":{"start":{"line":53,"column":37},"end":{"line":92,"column":5}},"line":53},"3":{"name":"(anonymous_3)","decl":{"start":{"line":94,"column":4},"end":{"line":94,"column":5}},"loc":{"start":{"line":94,"column":36},"end":{"line":145,"column":5}},"line":94},"4":{"name":"(anonymous_4)","decl":{"start":{"line":147,"column":4},"end":{"line":147,"column":5}},"loc":{"start":{"line":147,"column":38},"end":{"line":174,"column":5}},"line":147},"5":{"name":"(anonymous_5)","decl":{"start":{"line":176,"column":4},"end":{"line":176,"column":5}},"loc":{"start":{"line":176,"column":40},"end":{"line":190,"column":5}},"line":176},"6":{"name":"(anonymous_6)","decl":{"start":{"line":192,"column":4},"end":{"line":192,"column":5}},"loc":{"start":{"line":192,"column":58},"end":{"line":199,"column":5}},"line":192},"7":{"name":"(anonymous_7)","decl":{"start":{"line":201,"column":4},"end":{"line":201,"column":5}},"loc":{"start":{"line":201,"column":29},"end":{"line":205,"column":5}},"line":201},"8":{"name":"(anonymous_8)","decl":{"start":{"line":207,"column":4},"end":{"line":207,"column":5}},"loc":{"start":{"line":207,"column":41},"end":{"line":236,"column":5}},"line":207},"9":{"name":"(anonymous_9)","decl":{"start":{"line":238,"column":4},"end":{"line":238,"column":5}},"loc":{"start":{"line":238,"column":77},"end":{"line":255,"column":5}},"line":238},"10":{"name":"(anonymous_10)","decl":{"start":{"line":257,"column":4},"end":{"line":257,"column":5}},"loc":{"start":{"line":257,"column":86},"end":{"line":273,"column":5}},"line":257},"11":{"name":"(anonymous_11)","decl":{"start":{"line":275,"column":4},"end":{"line":275,"column":5}},"loc":{"start":{"line":275,"column":68},"end":{"line":292,"column":5}},"line":275},"12":{"name":"(anonymous_12)","decl":{"start":{"line":294,"column":4},"end":{"line":294,"column":5}},"loc":{"start":{"line":294,"column":27},"end":{"line":301,"column":5}},"line":294},"13":{"name":"(anonymous_13)","decl":{"start":{"line":303,"column":4},"end":{"line":303,"column":5}},"loc":{"start":{"line":303,"column":14},"end":{"line":305,"column":5}},"line":303},"14":{"name":"(anonymous_14)","decl":{"start":{"line":304,"column":27},"end":{"line":304,"column":28}},"loc":{"start":{"line":304,"column":38},"end":{"line":304,"column":61}},"line":304}},"branchMap":{"0":{"loc":{"start":{"line":8,"column":31},"end":{"line":8,"column":85}},"type":"binary-expr","locations":[{"start":{"line":8,"column":31},"end":{"line":8,"column":58}},{"start":{"line":8,"column":62},"end":{"line":8,"column":85}}],"line":8},"1":{"loc":{"start":{"line":16,"column":38},"end":{"line":16,"column":50}},"type":"default-arg","locations":[{"start":{"line":16,"column":48},"end":{"line":16,"column":50}}],"line":16},"2":{"loc":{"start":{"line":24,"column":12},"end":{"line":27,"column":13}},"type":"if","locations":[{"start":{"line":24,"column":12},"end":{"line":27,"column":13}},{"start":{},"end":{}}],"line":24},"3":{"loc":{"start":{"line":33,"column":12},"end":{"line":36,"column":13}},"type":"if","locations":[{"start":{"line":33,"column":12},"end":{"line":36,"column":13}},{"start":{},"end":{}}],"line":33},"4":{"loc":{"start":{"line":72,"column":16},"end":{"line":78,"column":17}},"type":"if","locations":[{"start":{"line":72,"column":16},"end":{"line":78,"column":17}},{"start":{},"end":{}}],"line":72},"5":{"loc":{"start":{"line":72,"column":20},"end":{"line":72,"column":58}},"type":"binary-expr","locations":[{"start":{"line":72,"column":20},"end":{"line":72,"column":33}},{"start":{"line":72,"column":37},"end":{"line":72,"column":58}}],"line":72},"6":{"loc":{"start":{"line":82,"column":16},"end":{"line":84,"column":17}},"type":"if","locations":[{"start":{"line":82,"column":16},"end":{"line":84,"column":17}},{"start":{},"end":{}}],"line":82},"7":{"loc":{"start":{"line":95,"column":8},"end":{"line":97,"column":9}},"type":"if","locations":[{"start":{"line":95,"column":8},"end":{"line":97,"column":9}},{"start":{},"end":{}}],"line":95},"8":{"loc":{"start":{"line":127,"column":12},"end":{"line":137,"column":13}},"type":"if","locations":[{"start":{"line":127,"column":12},"end":{"line":137,"column":13}},{"start":{},"end":{}}],"line":127},"9":{"loc":{"start":{"line":148,"column":25},"end":{"line":148,"column":49}},"type":"binary-expr","locations":[{"start":{"line":148,"column":25},"end":{"line":148,"column":41}},{"start":{"line":148,"column":45},"end":{"line":148,"column":49}}],"line":148},"10":{"loc":{"start":{"line":149,"column":21},"end":{"line":149,"column":46}},"type":"binary-expr","locations":[{"start":{"line":149,"column":21},"end":{"line":149,"column":33}},{"start":{"line":149,"column":37},"end":{"line":149,"column":46}}],"line":149},"11":{"loc":{"start":{"line":151,"column":8},"end":{"line":173,"column":9}},"type":"if","locations":[{"start":{"line":151,"column":8},"end":{"line":173,"column":9}},{"start":{"line":162,"column":15},"end":{"line":173,"column":9}}],"line":151},"12":{"loc":{"start":{"line":152,"column":12},"end":{"line":161,"column":13}},"type":"switch","locations":[{"start":{"line":153,"column":16},"end":{"line":154,"column":144}},{"start":{"line":155,"column":16},"end":{"line":156,"column":111}},{"start":{"line":157,"column":16},"end":{"line":158,"column":119}},{"start":{"line":159,"column":16},"end":{"line":160,"column":78}}],"line":152},"13":{"loc":{"start":{"line":154,"column":67},"end":{"line":154,"column":90}},"type":"binary-expr","locations":[{"start":{"line":154,"column":67},"end":{"line":154,"column":84}},{"start":{"line":154,"column":88},"end":{"line":154,"column":90}}],"line":154},"14":{"loc":{"start":{"line":158,"column":92},"end":{"line":158,"column":115}},"type":"binary-expr","locations":[{"start":{"line":158,"column":92},"end":{"line":158,"column":109}},{"start":{"line":158,"column":113},"end":{"line":158,"column":115}}],"line":158},"15":{"loc":{"start":{"line":163,"column":12},"end":{"line":172,"column":13}},"type":"switch","locations":[{"start":{"line":164,"column":16},"end":{"line":165,"column":141}},{"start":{"line":166,"column":16},"end":{"line":167,"column":118}},{"start":{"line":168,"column":16},"end":{"line":169,"column":107}},{"start":{"line":170,"column":16},"end":{"line":171,"column":71}}],"line":163},"16":{"loc":{"start":{"line":165,"column":67},"end":{"line":165,"column":90}},"type":"binary-expr","locations":[{"start":{"line":165,"column":67},"end":{"line":165,"column":84}},{"start":{"line":165,"column":88},"end":{"line":165,"column":90}}],"line":165},"17":{"loc":{"start":{"line":169,"column":72},"end":{"line":169,"column":95}},"type":"binary-expr","locations":[{"start":{"line":169,"column":72},"end":{"line":169,"column":89}},{"start":{"line":169,"column":93},"end":{"line":169,"column":95}}],"line":169},"18":{"loc":{"start":{"line":187,"column":21},"end":{"line":187,"column":83}},"type":"binary-expr","locations":[{"start":{"line":187,"column":21},"end":{"line":187,"column":32}},{"start":{"line":187,"column":36},"end":{"line":187,"column":50}},{"start":{"line":187,"column":54},"end":{"line":187,"column":83}}],"line":187},"19":{"loc":{"start":{"line":188,"column":20},"end":{"line":188,"column":49}},"type":"binary-expr","locations":[{"start":{"line":188,"column":20},"end":{"line":188,"column":33}},{"start":{"line":188,"column":37},"end":{"line":188,"column":49}}],"line":188},"20":{"loc":{"start":{"line":198,"column":15},"end":{"line":198,"column":69}},"type":"binary-expr","locations":[{"start":{"line":198,"column":15},"end":{"line":198,"column":34}},{"start":{"line":198,"column":38},"end":{"line":198,"column":63}},{"start":{"line":198,"column":67},"end":{"line":198,"column":69}}],"line":198},"21":{"loc":{"start":{"line":202,"column":15},"end":{"line":204,"column":66}},"type":"cond-expr","locations":[{"start":{"line":203,"column":14},"end":{"line":203,"column":72}},{"start":{"line":204,"column":14},"end":{"line":204,"column":66}}],"line":202},"22":{"loc":{"start":{"line":208,"column":21},"end":{"line":208,"column":46}},"type":"binary-expr","locations":[{"start":{"line":208,"column":21},"end":{"line":208,"column":33}},{"start":{"line":208,"column":37},"end":{"line":208,"column":46}}],"line":208},"23":{"loc":{"start":{"line":229,"column":25},"end":{"line":229,"column":49}},"type":"binary-expr","locations":[{"start":{"line":229,"column":25},"end":{"line":229,"column":41}},{"start":{"line":229,"column":45},"end":{"line":229,"column":49}}],"line":229},"24":{"loc":{"start":{"line":232,"column":18},"end":{"line":232,"column":76}},"type":"binary-expr","locations":[{"start":{"line":232,"column":18},"end":{"line":232,"column":45}},{"start":{"line":232,"column":49},"end":{"line":232,"column":76}}],"line":232},"25":{"loc":{"start":{"line":296,"column":8},"end":{"line":296,"column":86}},"type":"if","locations":[{"start":{"line":296,"column":8},"end":{"line":296,"column":86}},{"start":{},"end":{}}],"line":296},"26":{"loc":{"start":{"line":296,"column":12},"end":{"line":296,"column":66}},"type":"binary-expr","locations":[{"start":{"line":296,"column":12},"end":{"line":296,"column":36}},{"start":{"line":296,"column":40},"end":{"line":296,"column":66}}],"line":296},"27":{"loc":{"start":{"line":297,"column":8},"end":{"line":297,"column":94}},"type":"if","locations":[{"start":{"line":297,"column":8},"end":{"line":297,"column":94}},{"start":{},"end":{}}],"line":297},"28":{"loc":{"start":{"line":297,"column":12},"end":{"line":297,"column":71}},"type":"binary-expr","locations":[{"start":{"line":297,"column":12},"end":{"line":297,"column":38}},{"start":{"line":297,"column":42},"end":{"line":297,"column":71}}],"line":297},"29":{"loc":{"start":{"line":298,"column":8},"end":{"line":298,"column":90}},"type":"if","locations":[{"start":{"line":298,"column":8},"end":{"line":298,"column":90}},{"start":{},"end":{}}],"line":298},"30":{"loc":{"start":{"line":298,"column":12},"end":{"line":298,"column":68}},"type":"binary-expr","locations":[{"start":{"line":298,"column":12},"end":{"line":298,"column":37}},{"start":{"line":298,"column":41},"end":{"line":298,"column":68}}],"line":298},"31":{"loc":{"start":{"line":299,"column":8},"end":{"line":299,"column":84}},"type":"if","locations":[{"start":{"line":299,"column":8},"end":{"line":299,"column":84}},{"start":{},"end":{}}],"line":299},"32":{"loc":{"start":{"line":299,"column":12},"end":{"line":299,"column":62}},"type":"binary-expr","locations":[{"start":{"line":299,"column":12},"end":{"line":299,"column":33}},{"start":{"line":299,"column":37},"end":{"line":299,"column":62}}],"line":299}},"s":{"0":1,"1":1,"2":1,"3":1,"4":1,"5":1,"6":1,"7":1,"8":1,"9":1,"10":0,"11":0,"12":0,"13":0,"14":0,"15":0,"16":0,"17":0,"18":0,"19":0,"20":0,"21":0,"22":0,"23":0,"24":0,"25":0,"26":0,"27":0,"28":0,"29":0,"30":0,"31":0,"32":0,"33":0,"34":0,"35":0,"36":0,"37":0,"38":0,"39":0,"40":0,"41":0,"42":0,"43":0,"44":0,"45":0,"46":0,"47":0,"48":0,"49":0,"50":0,"51":0,"52":0,"53":0,"54":0,"55":0,"56":0,"57":0,"58":0,"59":0,"60":0,"61":0,"62":0,"63":0,"64":0,"65":0,"66":0,"67":0,"68":0,"69":0,"70":0,"71":0,"72":0,"73":0,"74":0,"75":0,"76":0,"77":0,"78":0,"79":0,"80":0,"81":0,"82":0,"83":0,"84":0,"85":0,"86":0,"87":0,"88":0,"89":0,"90":0,"91":0,"92":0,"93":0,"94":0,"95":0,"96":0,"97":1},"f":{"0":1,"1":0,"2":0,"3":0,"4":0,"5":0,"6":0,"7":0,"8":0,"9":0,"10":0,"11":0,"12":0,"13":0,"14":0},"b":{"0":[1,1],"1":[0],"2":[0,0],"3":[0,0],"4":[0,0],"5":[0,0],"6":[0,0],"7":[0,0],"8":[0,0],"9":[0,0],"10":[0,0],"11":[0,0],"12":[0,0,0,0],"13":[0,0],"14":[0,0],"15":[0,0,0,0],"16":[0,0],"17":[0,0],"18":[0,0,0],"19":[0,0],"20":[0,0,0],"21":[0,0],"22":[0,0],"23":[0,0],"24":[0,0],"25":[0,0],"26":[0,0],"27":[0,0],"28":[0,0],"29":[0,0],"30":[0,0],"31":[0,0],"32":[0,0]},"_coverageSchema":"1a1c01bbd47fc00a2c39e90264f33305004495a9","hash":"3498fa0c1a0c923bfc210af3cb606e0034b01234"}
,"D:\\Projects\\An AI-Powered Healthcare Management System for Medication Adherence\\MedAssistProject\\medassistai\\server\\src\\services\\sms.service.js": {"path":"D:\\Projects\\An AI-Powered Healthcare Management System for Medication Adherence\\MedAssistProject\\medassistai\\server\\src\\services\\sms.service.js","statementMap":{"0":{"start":{"line":1,"column":15},"end":{"line":1,"column":31}},"1":{"start":{"line":5,"column":8},"end":{"line":5,"column":45}},"2":{"start":{"line":6,"column":8},"end":{"line":6,"column":48}},"3":{"start":{"line":7,"column":8},"end":{"line":7,"column":66}},"4":{"start":{"line":8,"column":8},"end":{"line":8,"column":75}},"5":{"start":{"line":12,"column":8},"end":{"line":52,"column":9}},"6":{"start":{"line":14,"column":35},"end":{"line":14,"column":70}},"7":{"start":{"line":16,"column":29},"end":{"line":30,"column":13}},"8":{"start":{"line":32,"column":27},"end":{"line":32,"column":40}},"9":{"start":{"line":34,"column":12},"end":{"line":45,"column":13}},"10":{"start":{"line":35,"column":16},"end":{"line":39,"column":18}},"11":{"start":{"line":41,"column":16},"end":{"line":44,"column":18}},"12":{"start":{"line":47,"column":12},"end":{"line":47,"column":79}},"13":{"start":{"line":48,"column":12},"end":{"line":51,"column":14}},"14":{"start":{"line":56,"column":24},"end":{"line":58,"column":9}},"15":{"start":{"line":57,"column":32},"end":{"line":57,"column":70}},"16":{"start":{"line":60,"column":8},"end":{"line":63,"column":10}},"17":{"start":{"line":61,"column":40},"end":{"line":61,"column":49}},"18":{"start":{"line":68,"column":22},"end":{"line":68,"column":46}},"19":{"start":{"line":71,"column":8},"end":{"line":73,"column":9}},"20":{"start":{"line":72,"column":12},"end":{"line":72,"column":43}},"21":{"start":{"line":76,"column":8},"end":{"line":78,"column":9}},"22":{"start":{"line":77,"column":12},"end":{"line":77,"column":35}},"23":{"start":{"line":80,"column":8},"end":{"line":80,"column":21}},"24":{"start":{"line":84,"column":8},"end":{"line":104,"column":9}},"25":{"start":{"line":85,"column":29},"end":{"line":93,"column":13}},"26":{"start":{"line":95,"column":12},"end":{"line":98,"column":14}},"27":{"start":{"line":100,"column":12},"end":{"line":103,"column":14}},"28":{"start":{"line":108,"column":0},"end":{"line":108,"column":34}}},"fnMap":{"0":{"name":"(anonymous_0)","decl":{"start":{"line":4,"column":4},"end":{"line":4,"column":5}},"loc":{"start":{"line":4,"column":18},"end":{"line":9,"column":5}},"line":4},"1":{"name":"(anonymous_1)","decl":{"start":{"line":11,"column":4},"end":{"line":11,"column":5}},"loc":{"start":{"line":11,"column":40},"end":{"line":53,"column":5}},"line":11},"2":{"name":"(anonymous_2)","decl":{"start":{"line":55,"column":4},"end":{"line":55,"column":5}},"loc":{"start":{"line":55,"column":34},"end":{"line":64,"column":5}},"line":55},"3":{"name":"(anonymous_3)","decl":{"start":{"line":57,"column":27},"end":{"line":57,"column":28}},"loc":{"start":{"line":57,"column":32},"end":{"line":57,"column":70}},"line":57},"4":{"name":"(anonymous_4)","decl":{"start":{"line":61,"column":35},"end":{"line":61,"column":36}},"loc":{"start":{"line":61,"column":40},"end":{"line":61,"column":49}},"line":61},"5":{"name":"(anonymous_5)","decl":{"start":{"line":66,"column":4},"end":{"line":66,"column":5}},"loc":{"start":{"line":66,"column":29},"end":{"line":81,"column":5}},"line":66},"6":{"name":"(anonymous_6)","decl":{"start":{"line":83,"column":4},"end":{"line":83,"column":5}},"loc":{"start":{"line":83,"column":25},"end":{"line":105,"column":5}},"line":83}},"branchMap":{"0":{"loc":{"start":{"line":7,"column":24},"end":{"line":7,"column":65}},"type":"binary-expr","locations":[{"start":{"line":7,"column":24},"end":{"line":7,"column":48}},{"start":{"line":7,"column":52},"end":{"line":7,"column":65}}],"line":7},"1":{"loc":{"start":{"line":34,"column":12},"end":{"line":45,"column":13}},"type":"if","locations":[{"start":{"line":34,"column":12},"end":{"line":45,"column":13}},{"start":{"line":40,"column":19},"end":{"line":45,"column":13}}],"line":34},"2":{"loc":{"start":{"line":43,"column":27},"end":{"line":43,"column":81}},"type":"binary-expr","locations":[{"start":{"line":43,"column":27},"end":{"line":43,"column":57}},{"start":{"line":43,"column":61},"end":{"line":43,"column":81}}],"line":43},"3":{"loc":{"start":{"line":47,"column":40},"end":{"line":47,"column":77}},"type":"binary-expr","locations":[{"start":{"line":47,"column":40},"end":{"line":47,"column":60}},{"start":{"line":47,"column":64},"end":{"line":47,"column":77}}],"line":47},"4":{"loc":{"start":{"line":50,"column":23},"end":{"line":50,"column":60}},"type":"binary-expr","locations":[{"start":{"line":50,"column":23},"end":{"line":50,"column":43}},{"start":{"line":50,"column":47},"end":{"line":50,"column":60}}],"line":50},"5":{"loc":{"start":{"line":71,"column":8},"end":{"line":73,"column":9}},"type":"if","locations":[{"start":{"line":71,"column":8},"end":{"line":73,"column":9}},{"start":{},"end":{}}],"line":71},"6":{"loc":{"start":{"line":76,"column":8},"end":{"line":78,"column":9}},"type":"if","locations":[{"start":{"line":76,"column":8},"end":{"line":78,"column":9}},{"start":{},"end":{}}],"line":76}},"s":{"0":1,"1":1,"2":1,"3":1,"4":1,"5":0,"6":0,"7":0,"8":0,"9":0,"10":0,"11":0,"12":0,"13":0,"14":0,"15":0,"16":0,"17":0,"18":0,"19":0,"20":0,"21":0,"22":0,"23":0,"24":0,"25":0,"26":0,"27":0,"28":1},"f":{"0":1,"1":0,"2":0,"3":0,"4":0,"5":0,"6":0},"b":{"0":[1,1],"1":[0,0],"2":[0,0],"3":[0,0],"4":[0,0],"5":[0,0],"6":[0,0]},"_coverageSchema":"1a1c01bbd47fc00a2c39e90264f33305004495a9","hash":"f39eca9a1d8d65ec093e2dc09771327f85c237d5"}
,"D:\\Projects\\An AI-Powered Healthcare Management System for Medication Adherence\\MedAssistProject\\medassistai\\server\\src\\utils\\errorResponse.js": {"path":"D:\\Projects\\An AI-Powered Healthcare Management System for Medication Adherence\\MedAssistProject\\medassistai\\server\\src\\utils\\errorResponse.js","statementMap":{"0":{"start":{"line":3,"column":8},"end":{"line":3,"column":23}},"1":{"start":{"line":4,"column":8},"end":{"line":4,"column":37}},"2":{"start":{"line":6,"column":8},"end":{"line":6,"column":56}},"3":{"start":{"line":10,"column":0},"end":{"line":10,"column":31}}},"fnMap":{"0":{"name":"(anonymous_0)","decl":{"start":{"line":2,"column":4},"end":{"line":2,"column":5}},"loc":{"start":{"line":2,"column":37},"end":{"line":7,"column":5}},"line":2}},"branchMap":{},"s":{"0":0,"1":0,"2":0,"3":1},"f":{"0":0},"b":{},"_coverageSchema":"1a1c01bbd47fc00a2c39e90264f33305004495a9","hash":"badc36fbfdcb28e8783ebdb1c647a153cb5d4633"}
,"D:\\Projects\\An AI-Powered Healthcare Management System for Medication Adherence\\MedAssistProject\\medassistai\\server\\src\\utils\\logger.js": {"path":"D:\\Projects\\An AI-Powered Healthcare Management System for Medication Adherence\\MedAssistProject\\medassistai\\server\\src\\utils\\logger.js","statementMap":{"0":{"start":{"line":1,"column":17},"end":{"line":1,"column":35}},"1":{"start":{"line":3,"column":15},"end":{"line":13,"column":2}},"2":{"start":{"line":15,"column":0},"end":{"line":22,"column":1}},"3":{"start":{"line":16,"column":4},"end":{"line":21,"column":8}},"4":{"start":{"line":24,"column":0},"end":{"line":24,"column":24}}},"fnMap":{},"branchMap":{"0":{"loc":{"start":{"line":4,"column":11},"end":{"line":4,"column":42}},"type":"binary-expr","locations":[{"start":{"line":4,"column":11},"end":{"line":4,"column":32}},{"start":{"line":4,"column":36},"end":{"line":4,"column":42}}],"line":4},"1":{"loc":{"start":{"line":15,"column":0},"end":{"line":22,"column":1}},"type":"if","locations":[{"start":{"line":15,"column":0},"end":{"line":22,"column":1}},{"start":{},"end":{}}],"line":15}},"s":{"0":1,"1":1,"2":1,"3":1,"4":1},"f":{},"b":{"0":[1,1],"1":[1,0]},"_coverageSchema":"1a1c01bbd47fc00a2c39e90264f33305004495a9","hash":"4cc50d708ea0058bfc52f837a3f179d85cea69f8"}
}
